This file contains any messages produced by compilers while
running configure, to aid debugging if configure makes a mistake.

It was created by cyassl configure 2.2.0, which was
generated by GNU Autoconf 2.61.  Invocation command line was

  $ ./configure --enable-opensslExtra --host=mips-linux CC=rsdk-linux-gcc LIBS=-L/home/mike/Downloads/project/RU/JWNR3200/rtl819x/toolchain/rsdk-1.3.6-5281-EB-2.6.30-0.9.30/lib -lm -lpthread

## --------- ##
## Platform. ##
## --------- ##

hostname = localhost.localdomain
uname -m = i686
uname -r = 2.6.31.5-127.fc12.i686.PAE
uname -s = Linux
uname -v = #1 SMP Sat Nov 7 21:25:57 EST 2009

/usr/bin/uname -p = unknown
/bin/uname -X     = unknown

/bin/arch              = i686
/usr/bin/arch -k       = unknown
/usr/convex/getsysinfo = unknown
/usr/bin/hostinfo      = unknown
/bin/machine           = unknown
/usr/bin/oslevel       = unknown
/bin/universe          = unknown

PATH: /home/mike/Downloads/project/RU/JWNR3200/rtl819x/toolchain/rsdk-1.3.6-5281-EB-2.6.30-0.9.30/bin/
PATH: /home/mike/Downloads/project/RU/JWNR3200/tools/
PATH: /usr/lib/qt-3.3/bin
PATH: /usr/kerberos/sbin
PATH: /usr/kerberos/bin
PATH: /usr/lib/ccache
PATH: /usr/local/bin
PATH: /bin
PATH: /usr/bin
PATH: /usr/local/sbin
PATH: /usr/sbin
PATH: /sbin
PATH: /home/mike/bin
PATH: /opt/crosstool/uClibc_v5te_le_gcc_4_1_1/bin/


## ----------- ##
## Core tests. ##
## ----------- ##

configure:1929: checking build system type
configure:1947: result: i686-pc-linux-gnu
configure:1969: checking host system type
configure:1984: result: mips-unknown-linux-gnu
configure:2006: checking target system type
configure:2021: result: mips-unknown-linux-gnu
configure:2065: checking for a BSD-compatible install
configure:2121: result: /usr/bin/install -c
configure:2132: checking whether build environment is sane
configure:2175: result: yes
configure:2203: checking for a thread-safe mkdir -p
configure:2242: result: /bin/mkdir -p
configure:2255: checking for gawk
configure:2271: found /bin/gawk
configure:2282: result: gawk
configure:2293: checking whether make sets $(MAKE)
configure:2314: result: yes
configure:2394: checking for mips-linux-strip
configure:2421: result: rsdk-linux-strip
configure:2497: checking how to create a ustar tar archive
configure:2510: tar --version
tar (GNU tar) 1.22
Copyright (C) 2009 Free Software Foundation, Inc.
License GPLv3+: GNU GPL version 3 or later <http://gnu.org/licenses/gpl.html>.
This is free software: you are free to change and redistribute it.
There is NO WARRANTY, to the extent permitted by law.

Written by John Gilmore and Jay Fenlason.
configure:2513: $? = 0
configure:2553: tardir=conftest.dir && eval tar --format=ustar -chf - "$tardir" >conftest.tar
configure:2556: $? = 0
configure:2560: tar -xf - <conftest.tar
configure:2563: $? = 0
configure:2576: result: gnutar
configure:2584: checking host system type
configure:2599: result: mips-unknown-linux-gnu
configure:2627: checking build system type
configure:2645: result: i686-pc-linux-gnu
configure:2739: checking how to print strings
configure:2766: result: printf
configure:2799: checking for style of include used by make
configure:2827: result: GNU
configure:2857: checking for mips-linux-gcc
configure:2884: result: rsdk-linux-gcc
configure:3162: checking for C compiler version
configure:3169: rsdk-linux-gcc --version >&5
mips-linux-gcc (GCC) 3.4.6-1.3.6
Copyright (C) 2006 Free Software Foundation, Inc.
This is free software; see the source for copying conditions.  There is NO
warranty; not even for MERCHANTABILITY or FITNESS FOR A PARTICULAR PURPOSE.

configure:3172: $? = 0
configure:3179: rsdk-linux-gcc -v >&5
Reading specs from /home/mike/Downloads/project/RU/JWNR3200/rtl819x/toolchain/rsdk-1.3.6-5281-EB-2.6.30-0.9.30/bin/../lib/gcc/mips-linux/3.4.6-1.3.6/specs
Configured with: RSDK Builder release 1.3
Thread model: posix
gcc version 3.4.6-1.3.6
configure:3182: $? = 0
configure:3189: rsdk-linux-gcc -V >&5
mips-linux-gcc: `-V' must come at the start of the command line
configure:3192: $? = 1
configure:3215: checking for C compiler default output file name
configure:3242: rsdk-linux-gcc     conftest.c -L/home/mike/Downloads/project/RU/JWNR3200/rtl819x/toolchain/rsdk-1.3.6-5281-EB-2.6.30-0.9.30/lib -lm -lpthread >&5
configure:3245: $? = 0
configure:3283: result: a.out
configure:3300: checking whether the C compiler works
configure:3310: ./a.out
./configure: line 3311: ./a.out: cannot execute binary file
configure:3313: $? = 126
configure:3330: result: yes
configure:3337: checking whether we are cross compiling
configure:3339: result: yes
configure:3342: checking for suffix of executables
configure:3349: rsdk-linux-gcc -o conftest     conftest.c -L/home/mike/Downloads/project/RU/JWNR3200/rtl819x/toolchain/rsdk-1.3.6-5281-EB-2.6.30-0.9.30/lib -lm -lpthread >&5
configure:3352: $? = 0
configure:3376: result: 
configure:3382: checking for suffix of object files
configure:3408: rsdk-linux-gcc -c    conftest.c >&5
configure:3411: $? = 0
configure:3434: result: o
configure:3438: checking whether we are using the GNU C compiler
configure:3467: rsdk-linux-gcc -c    conftest.c >&5
configure:3473: $? = 0
configure:3490: result: yes
configure:3495: checking whether rsdk-linux-gcc accepts -g
configure:3525: rsdk-linux-gcc -c -g  conftest.c >&5
configure:3531: $? = 0
configure:3630: result: yes
configure:3647: checking for rsdk-linux-gcc option to accept ISO C89
configure:3721: rsdk-linux-gcc  -c    conftest.c >&5
configure:3727: $? = 0
configure:3750: result: none needed
configure:3770: checking dependency style of rsdk-linux-gcc
configure:3861: result: gcc3
configure:3876: checking for a sed that does not truncate output
configure:3955: result: /bin/sed
configure:3973: checking for grep that handles long lines and -e
configure:4047: result: /bin/grep
configure:4052: checking for egrep
configure:4130: result: /bin/grep -E
configure:4135: checking for fgrep
configure:4213: result: /bin/grep -F
configure:4248: checking for ld used by rsdk-linux-gcc
configure:4315: result: rsdk-linux-ld
configure:4324: checking if the linker (rsdk-linux-ld) is GNU ld
configure:4339: result: yes
configure:4351: checking for BSD- or MS-compatible name lister (nm)
configure:4400: result: /home/mike/Downloads/project/RU/JWNR3200/rtl819x/toolchain/rsdk-1.3.6-5281-EB-2.6.30-0.9.30/bin//mips-linux-nm -B
configure:4534: checking the name lister (/home/mike/Downloads/project/RU/JWNR3200/rtl819x/toolchain/rsdk-1.3.6-5281-EB-2.6.30-0.9.30/bin//mips-linux-nm -B) interface
configure:4541: rsdk-linux-gcc -c    conftest.c >&5
configure:4544: /home/mike/Downloads/project/RU/JWNR3200/rtl819x/toolchain/rsdk-1.3.6-5281-EB-2.6.30-0.9.30/bin//mips-linux-nm -B "conftest.o"
configure:4547: output
00000000 D some_variable
configure:4554: result: BSD nm
configure:4557: checking whether ln -s works
configure:4561: result: yes
configure:4569: checking the maximum length of command line arguments
configure:4694: result: 1966080
configure:4711: checking whether the shell understands some XSI constructs
configure:4721: result: yes
configure:4725: checking whether the shell understands "+="
configure:4731: result: yes
configure:4766: checking for rsdk-linux-ld option to reload object files
configure:4773: result: -r
configure:4802: checking for mips-linux-objdump
configure:4818: found /home/mike/Downloads/project/RU/JWNR3200/rtl819x/toolchain/rsdk-1.3.6-5281-EB-2.6.30-0.9.30/bin//mips-linux-objdump
configure:4829: result: mips-linux-objdump
configure:4902: checking how to recognize dependent libraries
configure:5104: result: pass_all
configure:5124: checking for mips-linux-ar
configure:5151: result: rsdk-linux-ar
configure:5233: checking for mips-linux-strip
configure:5260: result: rsdk-linux-strip
configure:5336: checking for mips-linux-ranlib
configure:5363: result: rsdk-linux-ranlib
configure:5509: checking command to parse /home/mike/Downloads/project/RU/JWNR3200/rtl819x/toolchain/rsdk-1.3.6-5281-EB-2.6.30-0.9.30/bin//mips-linux-nm -B output from rsdk-linux-gcc object
configure:5627: rsdk-linux-gcc -c    conftest.c >&5
configure:5630: $? = 0
configure:5634: /home/mike/Downloads/project/RU/JWNR3200/rtl819x/toolchain/rsdk-1.3.6-5281-EB-2.6.30-0.9.30/bin//mips-linux-nm -B conftest.o \| sed -n -e 's/^.*[ ]\([ABCDGIRSTW][ABCDGIRSTW]*\)[ ][ ]*\([_A-Za-z][_A-Za-z0-9]*\)$/\1 \2 \2/p' \> conftest.nm
configure:5637: $? = 0
configure:5691: rsdk-linux-gcc -o conftest     conftest.c conftstm.o >&5
configure:5694: $? = 0
configure:5732: result: ok
configure:6643: checking how to run the C preprocessor
configure:6683: rsdk-linux-gcc -E  conftest.c
configure:6689: $? = 0
configure:6720: rsdk-linux-gcc -E  conftest.c
conftest.c:10:28: ac_nonexistent.h: No such file or directory
configure:6726: $? = 1
configure: failed program was:
| /* confdefs.h.  */
| #define PACKAGE_NAME "cyassl"
| #define PACKAGE_TARNAME "cyassl"
| #define PACKAGE_VERSION "2.2.0"
| #define PACKAGE_STRING "cyassl 2.2.0"
| #define PACKAGE_BUGREPORT "http://www.yassl.com"
| #define PACKAGE "cyassl"
| #define VERSION "2.2.0"
| /* end confdefs.h.  */
| #include <ac_nonexistent.h>
configure:6759: result: rsdk-linux-gcc -E
configure:6788: rsdk-linux-gcc -E  conftest.c
configure:6794: $? = 0
configure:6825: rsdk-linux-gcc -E  conftest.c
conftest.c:10:28: ac_nonexistent.h: No such file or directory
configure:6831: $? = 1
configure: failed program was:
| /* confdefs.h.  */
| #define PACKAGE_NAME "cyassl"
| #define PACKAGE_TARNAME "cyassl"
| #define PACKAGE_VERSION "2.2.0"
| #define PACKAGE_STRING "cyassl 2.2.0"
| #define PACKAGE_BUGREPORT "http://www.yassl.com"
| #define PACKAGE "cyassl"
| #define VERSION "2.2.0"
| /* end confdefs.h.  */
| #include <ac_nonexistent.h>
configure:6869: checking for ANSI C header files
configure:6899: rsdk-linux-gcc -c    conftest.c >&5
configure:6905: $? = 0
configure:7033: result: yes
configure:7057: checking for sys/types.h
configure:7078: rsdk-linux-gcc -c    conftest.c >&5
configure:7084: $? = 0
configure:7100: result: yes
configure:7057: checking for sys/stat.h
configure:7078: rsdk-linux-gcc -c    conftest.c >&5
configure:7084: $? = 0
configure:7100: result: yes
configure:7057: checking for stdlib.h
configure:7078: rsdk-linux-gcc -c    conftest.c >&5
configure:7084: $? = 0
configure:7100: result: yes
configure:7057: checking for string.h
configure:7078: rsdk-linux-gcc -c    conftest.c >&5
configure:7084: $? = 0
configure:7100: result: yes
configure:7057: checking for memory.h
configure:7078: rsdk-linux-gcc -c    conftest.c >&5
configure:7084: $? = 0
configure:7100: result: yes
configure:7057: checking for strings.h
configure:7078: rsdk-linux-gcc -c    conftest.c >&5
configure:7084: $? = 0
configure:7100: result: yes
configure:7057: checking for inttypes.h
configure:7078: rsdk-linux-gcc -c    conftest.c >&5
configure:7084: $? = 0
configure:7100: result: yes
configure:7057: checking for stdint.h
configure:7078: rsdk-linux-gcc -c    conftest.c >&5
configure:7084: $? = 0
configure:7100: result: yes
configure:7057: checking for unistd.h
configure:7078: rsdk-linux-gcc -c    conftest.c >&5
configure:7084: $? = 0
configure:7100: result: yes
configure:7116: checking for dlfcn.h
configure:7137: rsdk-linux-gcc -c    conftest.c >&5
configure:7143: $? = 0
configure:7159: result: yes
configure:7656: checking for objdir
configure:7671: result: .libs
configure:7942: checking if rsdk-linux-gcc supports -fno-rtti -fno-exceptions
configure:7960: rsdk-linux-gcc -c    -fno-rtti -fno-exceptions conftest.c >&5
cc1: warning: command line option "-fno-rtti" is valid for C++/ObjC++ but not for C
configure:7964: $? = 0
configure:7977: result: no
configure:7997: checking for rsdk-linux-gcc option to produce PIC
configure:8282: result: -fPIC -DPIC
configure:8294: checking if rsdk-linux-gcc PIC flag -fPIC -DPIC works
configure:8312: rsdk-linux-gcc -c    -fPIC -DPIC -DPIC conftest.c >&5
configure:8316: $? = 0
configure:8329: result: yes
configure:8353: checking if rsdk-linux-gcc static flag -static works
configure:8381: result: yes
configure:8396: checking if rsdk-linux-gcc supports -c -o file.o
configure:8417: rsdk-linux-gcc -c    -o out/conftest2.o conftest.c >&5
configure:8421: $? = 0
configure:8443: result: yes
configure:8451: checking if rsdk-linux-gcc supports -c -o file.o
configure:8498: result: yes
configure:8531: checking whether the rsdk-linux-gcc linker (rsdk-linux-ld) supports shared libraries
configure:9682: result: yes
configure:9719: checking whether -lc should be explicitly linked in
configure:9727: rsdk-linux-gcc -c    conftest.c >&5
configure:9730: $? = 0
configure:9745: rsdk-linux-gcc -shared conftest.o  -v -Wl,-soname -Wl,conftest -o conftest 2\>\&1 \| /bin/grep  -lc  \>/dev/null 2\>\&1
configure:9748: $? = 0
configure:9762: result: no
configure:9927: checking dynamic linker characteristics
configure:10392: rsdk-linux-gcc -o conftest     -Wl,-rpath -Wl,/foo conftest.c -L/home/mike/Downloads/project/RU/JWNR3200/rtl819x/toolchain/rsdk-1.3.6-5281-EB-2.6.30-0.9.30/lib -lm -lpthread >&5
configure:10398: $? = 0
configure:10632: result: GNU/Linux ld.so
configure:10739: checking how to hardcode library paths into programs
configure:10764: result: immediate
configure:11589: checking whether stripping libraries is possible
configure:11594: result: yes
configure:11629: checking if libtool supports shared libraries
configure:11631: result: yes
configure:11634: checking whether to build shared libraries
configure:11655: result: yes
configure:11658: checking whether to build static libraries
configure:11662: result: yes
configure:11813: checking for C++ compiler version
configure:11820: rsdk-linux-g++ --version >&5
mips-linux-g++ (GCC) 3.4.6-1.3.6
Copyright (C) 2006 Free Software Foundation, Inc.
This is free software; see the source for copying conditions.  There is NO
warranty; not even for MERCHANTABILITY or FITNESS FOR A PARTICULAR PURPOSE.

configure:11823: $? = 0
configure:11830: rsdk-linux-g++ -v >&5
Reading specs from /home/mike/Downloads/project/RU/JWNR3200/rtl819x/toolchain/rsdk-1.3.6-5281-EB-2.6.30-0.9.30/bin/../lib/gcc/mips-linux/3.4.6-1.3.6/specs
Configured with: RSDK Builder release 1.3
Thread model: posix
gcc version 3.4.6-1.3.6
configure:11833: $? = 0
configure:11840: rsdk-linux-g++ -V >&5
mips-linux-g++: argument to `-V' missing

configure:11843: $? = 1
configure:11846: checking whether we are using the GNU C++ compiler
configure:11875: rsdk-linux-g++ -c   conftest.cpp >&5
configure:11881: $? = 0
configure:11898: result: yes
configure:11903: checking whether rsdk-linux-g++ accepts -g
configure:11933: rsdk-linux-g++ -c -g  conftest.cpp >&5
configure:11939: $? = 0
configure:12038: result: yes
configure:12063: checking dependency style of rsdk-linux-g++
configure:12154: result: gcc3
configure:12178: checking how to run the C++ preprocessor
configure:12214: rsdk-linux-g++ -E  conftest.cpp
configure:12220: $? = 0
configure:12251: rsdk-linux-g++ -E  conftest.cpp
conftest.cpp:22:28: ac_nonexistent.h: No such file or directory
configure:12257: $? = 1
configure: failed program was:
| /* confdefs.h.  */
| #define PACKAGE_NAME "cyassl"
| #define PACKAGE_TARNAME "cyassl"
| #define PACKAGE_VERSION "2.2.0"
| #define PACKAGE_STRING "cyassl 2.2.0"
| #define PACKAGE_BUGREPORT "http://www.yassl.com"
| #define PACKAGE "cyassl"
| #define VERSION "2.2.0"
| #define STDC_HEADERS 1
| #define HAVE_SYS_TYPES_H 1
| #define HAVE_SYS_STAT_H 1
| #define HAVE_STDLIB_H 1
| #define HAVE_STRING_H 1
| #define HAVE_MEMORY_H 1
| #define HAVE_STRINGS_H 1
| #define HAVE_INTTYPES_H 1
| #define HAVE_STDINT_H 1
| #define HAVE_UNISTD_H 1
| #define HAVE_DLFCN_H 1
| #define LT_OBJDIR ".libs/"
| /* end confdefs.h.  */
| #include <ac_nonexistent.h>
configure:12290: result: rsdk-linux-g++ -E
configure:12319: rsdk-linux-g++ -E  conftest.cpp
configure:12325: $? = 0
configure:12356: rsdk-linux-g++ -E  conftest.cpp
conftest.cpp:22:28: ac_nonexistent.h: No such file or directory
configure:12362: $? = 1
configure: failed program was:
| /* confdefs.h.  */
| #define PACKAGE_NAME "cyassl"
| #define PACKAGE_TARNAME "cyassl"
| #define PACKAGE_VERSION "2.2.0"
| #define PACKAGE_STRING "cyassl 2.2.0"
| #define PACKAGE_BUGREPORT "http://www.yassl.com"
| #define PACKAGE "cyassl"
| #define VERSION "2.2.0"
| #define STDC_HEADERS 1
| #define HAVE_SYS_TYPES_H 1
| #define HAVE_SYS_STAT_H 1
| #define HAVE_STDLIB_H 1
| #define HAVE_STRING_H 1
| #define HAVE_MEMORY_H 1
| #define HAVE_STRINGS_H 1
| #define HAVE_INTTYPES_H 1
| #define HAVE_STDINT_H 1
| #define HAVE_UNISTD_H 1
| #define HAVE_DLFCN_H 1
| #define LT_OBJDIR ".libs/"
| /* end confdefs.h.  */
| #include <ac_nonexistent.h>
configure:12539: checking for ld used by rsdk-linux-g++
configure:12606: result: rsdk-linux-ld
configure:12615: checking if the linker (rsdk-linux-ld) is GNU ld
configure:12630: result: yes
configure:12685: checking whether the rsdk-linux-g++ linker (rsdk-linux-ld) supports shared libraries
configure:13671: result: yes
configure:13699: rsdk-linux-g++ -c -g -O2  conftest.cpp >&5
configure:13702: $? = 0
configure:13884: checking for rsdk-linux-g++ option to produce PIC
configure:14206: result: -fPIC -DPIC
configure:14215: checking if rsdk-linux-g++ PIC flag -fPIC -DPIC works
configure:14233: rsdk-linux-g++ -c -g -O2  -fPIC -DPIC -DPIC conftest.cpp >&5
configure:14237: $? = 0
configure:14250: result: yes
configure:14271: checking if rsdk-linux-g++ static flag -static works
configure:14299: result: yes
configure:14311: checking if rsdk-linux-g++ supports -c -o file.o
configure:14332: rsdk-linux-g++ -c -g -O2  -o out/conftest2.o conftest.cpp >&5
configure:14336: $? = 0
configure:14358: result: yes
configure:14363: checking if rsdk-linux-g++ supports -c -o file.o
configure:14410: result: yes
configure:14440: checking whether the rsdk-linux-g++ linker (rsdk-linux-ld) supports shared libraries
configure:14468: result: yes
configure:14611: checking dynamic linker characteristics
configure:15250: result: GNU/Linux ld.so
configure:15303: checking how to hardcode library paths into programs
configure:15328: result: immediate
configure:15373: checking whether the -Werror option is usable
configure:15402: rsdk-linux-gcc -c   -Werror  conftest.c >&5
configure:15408: $? = 0
configure:15425: result: yes
configure:15427: checking for simple visibility declarations
configure:15463: rsdk-linux-gcc -c   -fvisibility=hidden -Werror  conftest.c >&5
cc1: error: unrecognized command line option "-fvisibility=hidden"
configure:15469: $? = 1
configure: failed program was:
| /* confdefs.h.  */
| #define PACKAGE_NAME "cyassl"
| #define PACKAGE_TARNAME "cyassl"
| #define PACKAGE_VERSION "2.2.0"
| #define PACKAGE_STRING "cyassl 2.2.0"
| #define PACKAGE_BUGREPORT "http://www.yassl.com"
| #define PACKAGE "cyassl"
| #define VERSION "2.2.0"
| #define STDC_HEADERS 1
| #define HAVE_SYS_TYPES_H 1
| #define HAVE_SYS_STAT_H 1
| #define HAVE_STDLIB_H 1
| #define HAVE_STRING_H 1
| #define HAVE_MEMORY_H 1
| #define HAVE_STRINGS_H 1
| #define HAVE_INTTYPES_H 1
| #define HAVE_STDINT_H 1
| #define HAVE_UNISTD_H 1
| #define HAVE_DLFCN_H 1
| #define LT_OBJDIR ".libs/"
| /* end confdefs.h.  */
| extern __attribute__((__visibility__("hidden"))) int hiddenvar;
|          extern __attribute__((__visibility__("default"))) int exportedvar;
|          extern __attribute__((__visibility__("hidden"))) int hiddenfunc (void);
|          extern __attribute__((__visibility__("default"))) int exportedfunc (void);
|          void dummyfunc (void) {}
| int
| main ()
| {
| 
|   ;
|   return 0;
| }
configure:15486: result: no
configure:15508: checking for gethostbyname
configure:15564: rsdk-linux-gcc -o conftest     conftest.c -L/home/mike/Downloads/project/RU/JWNR3200/rtl819x/toolchain/rsdk-1.3.6-5281-EB-2.6.30-0.9.30/lib -lm -lpthread >&5
configure:15570: $? = 0
configure:15588: result: yes
configure:15602: checking for gettimeofday
configure:15658: rsdk-linux-gcc -o conftest     conftest.c -L/home/mike/Downloads/project/RU/JWNR3200/rtl819x/toolchain/rsdk-1.3.6-5281-EB-2.6.30-0.9.30/lib -lm -lpthread >&5
configure:15664: $? = 0
configure:15682: result: yes
configure:15696: checking for inet_ntoa
configure:15752: rsdk-linux-gcc -o conftest     conftest.c -L/home/mike/Downloads/project/RU/JWNR3200/rtl819x/toolchain/rsdk-1.3.6-5281-EB-2.6.30-0.9.30/lib -lm -lpthread >&5
configure:15758: $? = 0
configure:15776: result: yes
configure:15790: checking for memset
configure:15846: rsdk-linux-gcc -o conftest     conftest.c -L/home/mike/Downloads/project/RU/JWNR3200/rtl819x/toolchain/rsdk-1.3.6-5281-EB-2.6.30-0.9.30/lib -lm -lpthread >&5
conftest.c:49: warning: conflicting types for built-in function 'memset'
configure:15852: $? = 0
configure:15870: result: yes
configure:15884: checking for socket
configure:15940: rsdk-linux-gcc -o conftest     conftest.c -L/home/mike/Downloads/project/RU/JWNR3200/rtl819x/toolchain/rsdk-1.3.6-5281-EB-2.6.30-0.9.30/lib -lm -lpthread >&5
configure:15946: $? = 0
configure:15964: result: yes
configure:15989: checking arpa/inet.h usability
configure:16006: rsdk-linux-gcc -c    conftest.c >&5
configure:16012: $? = 0
configure:16026: result: yes
configure:16030: checking arpa/inet.h presence
configure:16045: rsdk-linux-gcc -E  conftest.c
configure:16051: $? = 0
configure:16065: result: yes
configure:16098: checking for arpa/inet.h
configure:16106: result: yes
configure:16134: checking fcntl.h usability
configure:16151: rsdk-linux-gcc -c    conftest.c >&5
configure:16157: $? = 0
configure:16171: result: yes
configure:16175: checking fcntl.h presence
configure:16190: rsdk-linux-gcc -E  conftest.c
configure:16196: $? = 0
configure:16210: result: yes
configure:16243: checking for fcntl.h
configure:16251: result: yes
configure:16279: checking limits.h usability
configure:16296: rsdk-linux-gcc -c    conftest.c >&5
configure:16302: $? = 0
configure:16316: result: yes
configure:16320: checking limits.h presence
configure:16335: rsdk-linux-gcc -E  conftest.c
configure:16341: $? = 0
configure:16355: result: yes
configure:16388: checking for limits.h
configure:16396: result: yes
configure:16424: checking netdb.h usability
configure:16441: rsdk-linux-gcc -c    conftest.c >&5
configure:16447: $? = 0
configure:16461: result: yes
configure:16465: checking netdb.h presence
configure:16480: rsdk-linux-gcc -E  conftest.c
configure:16486: $? = 0
configure:16500: result: yes
configure:16533: checking for netdb.h
configure:16541: result: yes
configure:16569: checking netinet/in.h usability
configure:16586: rsdk-linux-gcc -c    conftest.c >&5
configure:16592: $? = 0
configure:16606: result: yes
configure:16610: checking netinet/in.h presence
configure:16625: rsdk-linux-gcc -E  conftest.c
configure:16631: $? = 0
configure:16645: result: yes
configure:16678: checking for netinet/in.h
configure:16686: result: yes
configure:16714: checking stddef.h usability
configure:16731: rsdk-linux-gcc -c    conftest.c >&5
configure:16737: $? = 0
configure:16751: result: yes
configure:16755: checking stddef.h presence
configure:16770: rsdk-linux-gcc -E  conftest.c
configure:16776: $? = 0
configure:16790: result: yes
configure:16823: checking for stddef.h
configure:16831: result: yes
configure:16859: checking sys/ioctl.h usability
configure:16876: rsdk-linux-gcc -c    conftest.c >&5
configure:16882: $? = 0
configure:16896: result: yes
configure:16900: checking sys/ioctl.h presence
configure:16915: rsdk-linux-gcc -E  conftest.c
configure:16921: $? = 0
configure:16935: result: yes
configure:16968: checking for sys/ioctl.h
configure:16976: result: yes
configure:17004: checking sys/socket.h usability
configure:17021: rsdk-linux-gcc -c    conftest.c >&5
configure:17027: $? = 0
configure:17041: result: yes
configure:17045: checking sys/socket.h presence
configure:17060: rsdk-linux-gcc -E  conftest.c
configure:17066: $? = 0
configure:17080: result: yes
configure:17113: checking for sys/socket.h
configure:17121: result: yes
configure:17149: checking sys/time.h usability
configure:17166: rsdk-linux-gcc -c    conftest.c >&5
configure:17172: $? = 0
configure:17186: result: yes
configure:17190: checking sys/time.h presence
configure:17205: rsdk-linux-gcc -E  conftest.c
configure:17211: $? = 0
configure:17225: result: yes
configure:17258: checking for sys/time.h
configure:17266: result: yes
configure:17294: checking errno.h usability
configure:17311: rsdk-linux-gcc -c    conftest.c >&5
configure:17317: $? = 0
configure:17331: result: yes
configure:17335: checking errno.h presence
configure:17350: rsdk-linux-gcc -E  conftest.c
configure:17356: $? = 0
configure:17370: result: yes
configure:17403: checking for errno.h
configure:17411: result: yes
configure:17425: checking for socket in -lnetwork
configure:17460: rsdk-linux-gcc -o conftest     conftest.c -lnetwork  -L/home/mike/Downloads/project/RU/JWNR3200/rtl819x/toolchain/rsdk-1.3.6-5281-EB-2.6.30-0.9.30/lib -lm -lpthread >&5
/home/mike/Downloads/project/RU/JWNR3200/rtl819x/toolchain/rsdk-1.3.6-5281-EB-2.6.30-0.9.30/bin/../lib/gcc/mips-linux/3.4.6-1.3.6/../../../../mips-linux/bin/ld: cannot find -lnetwork
collect2: ld returned 1 exit status
configure:17466: $? = 1
configure: failed program was:
| /* confdefs.h.  */
| #define PACKAGE_NAME "cyassl"
| #define PACKAGE_TARNAME "cyassl"
| #define PACKAGE_VERSION "2.2.0"
| #define PACKAGE_STRING "cyassl 2.2.0"
| #define PACKAGE_BUGREPORT "http://www.yassl.com"
| #define PACKAGE "cyassl"
| #define VERSION "2.2.0"
| #define STDC_HEADERS 1
| #define HAVE_SYS_TYPES_H 1
| #define HAVE_SYS_STAT_H 1
| #define HAVE_STDLIB_H 1
| #define HAVE_STRING_H 1
| #define HAVE_MEMORY_H 1
| #define HAVE_STRINGS_H 1
| #define HAVE_INTTYPES_H 1
| #define HAVE_STDINT_H 1
| #define HAVE_UNISTD_H 1
| #define HAVE_DLFCN_H 1
| #define LT_OBJDIR ".libs/"
| #define HAVE_VISIBILITY 0
| #define HAVE_GETHOSTBYNAME 1
| #define HAVE_GETTIMEOFDAY 1
| #define HAVE_INET_NTOA 1
| #define HAVE_MEMSET 1
| #define HAVE_SOCKET 1
| #define HAVE_ARPA_INET_H 1
| #define HAVE_FCNTL_H 1
| #define HAVE_LIMITS_H 1
| #define HAVE_NETDB_H 1
| #define HAVE_NETINET_IN_H 1
| #define HAVE_STDDEF_H 1
| #define HAVE_SYS_IOCTL_H 1
| #define HAVE_SYS_SOCKET_H 1
| #define HAVE_SYS_TIME_H 1
| #define HAVE_ERRNO_H 1
| /* end confdefs.h.  */
| 
| /* Override any GCC internal prototype to avoid an error.
|    Use char because int might match the return type of a GCC
|    builtin and then its argument prototype would still apply.  */
| #ifdef __cplusplus
| extern "C"
| #endif
| char socket ();
| int
| main ()
| {
| return socket ();
|   ;
|   return 0;
| }
configure:17484: result: no
configure:17495: checking for long long
configure:17525: rsdk-linux-gcc -c    conftest.c >&5
configure:17531: $? = 0
configure:17546: result: yes
configure:17553: checking size of long long
configure:17584: rsdk-linux-gcc -c    conftest.c >&5
configure:17590: $? = 0
configure:17621: rsdk-linux-gcc -c    conftest.c >&5
conftest.c: In function `main':
conftest.c:75: error: size of array `test_array' is negative
configure:17627: $? = 1
configure: failed program was:
| /* confdefs.h.  */
| #define PACKAGE_NAME "cyassl"
| #define PACKAGE_TARNAME "cyassl"
| #define PACKAGE_VERSION "2.2.0"
| #define PACKAGE_STRING "cyassl 2.2.0"
| #define PACKAGE_BUGREPORT "http://www.yassl.com"
| #define PACKAGE "cyassl"
| #define VERSION "2.2.0"
| #define STDC_HEADERS 1
| #define HAVE_SYS_TYPES_H 1
| #define HAVE_SYS_STAT_H 1
| #define HAVE_STDLIB_H 1
| #define HAVE_STRING_H 1
| #define HAVE_MEMORY_H 1
| #define HAVE_STRINGS_H 1
| #define HAVE_INTTYPES_H 1
| #define HAVE_STDINT_H 1
| #define HAVE_UNISTD_H 1
| #define HAVE_DLFCN_H 1
| #define LT_OBJDIR ".libs/"
| #define HAVE_VISIBILITY 0
| #define HAVE_GETHOSTBYNAME 1
| #define HAVE_GETTIMEOFDAY 1
| #define HAVE_INET_NTOA 1
| #define HAVE_MEMSET 1
| #define HAVE_SOCKET 1
| #define HAVE_ARPA_INET_H 1
| #define HAVE_FCNTL_H 1
| #define HAVE_LIMITS_H 1
| #define HAVE_NETDB_H 1
| #define HAVE_NETINET_IN_H 1
| #define HAVE_STDDEF_H 1
| #define HAVE_SYS_IOCTL_H 1
| #define HAVE_SYS_SOCKET_H 1
| #define HAVE_SYS_TIME_H 1
| #define HAVE_ERRNO_H 1
| /* end confdefs.h.  */
| #include <stdio.h>
| #ifdef HAVE_SYS_TYPES_H
| # include <sys/types.h>
| #endif
| #ifdef HAVE_SYS_STAT_H
| # include <sys/stat.h>
| #endif
| #ifdef STDC_HEADERS
| # include <stdlib.h>
| # include <stddef.h>
| #else
| # ifdef HAVE_STDLIB_H
| #  include <stdlib.h>
| # endif
| #endif
| #ifdef HAVE_STRING_H
| # if !defined STDC_HEADERS && defined HAVE_MEMORY_H
| #  include <memory.h>
| # endif
| # include <string.h>
| #endif
| #ifdef HAVE_STRINGS_H
| # include <strings.h>
| #endif
| #ifdef HAVE_INTTYPES_H
| # include <inttypes.h>
| #endif
| #ifdef HAVE_STDINT_H
| # include <stdint.h>
| #endif
| #ifdef HAVE_UNISTD_H
| # include <unistd.h>
| #endif
|    typedef long long ac__type_sizeof_;
| int
| main ()
| {
| static int test_array [1 - 2 * !(((long int) (sizeof (ac__type_sizeof_))) <= 0)];
| test_array [0] = 0
| 
|   ;
|   return 0;
| }
configure:17621: rsdk-linux-gcc -c    conftest.c >&5
conftest.c: In function `main':
conftest.c:75: error: size of array `test_array' is negative
configure:17627: $? = 1
configure: failed program was:
| /* confdefs.h.  */
| #define PACKAGE_NAME "cyassl"
| #define PACKAGE_TARNAME "cyassl"
| #define PACKAGE_VERSION "2.2.0"
| #define PACKAGE_STRING "cyassl 2.2.0"
| #define PACKAGE_BUGREPORT "http://www.yassl.com"
| #define PACKAGE "cyassl"
| #define VERSION "2.2.0"
| #define STDC_HEADERS 1
| #define HAVE_SYS_TYPES_H 1
| #define HAVE_SYS_STAT_H 1
| #define HAVE_STDLIB_H 1
| #define HAVE_STRING_H 1
| #define HAVE_MEMORY_H 1
| #define HAVE_STRINGS_H 1
| #define HAVE_INTTYPES_H 1
| #define HAVE_STDINT_H 1
| #define HAVE_UNISTD_H 1
| #define HAVE_DLFCN_H 1
| #define LT_OBJDIR ".libs/"
| #define HAVE_VISIBILITY 0
| #define HAVE_GETHOSTBYNAME 1
| #define HAVE_GETTIMEOFDAY 1
| #define HAVE_INET_NTOA 1
| #define HAVE_MEMSET 1
| #define HAVE_SOCKET 1
| #define HAVE_ARPA_INET_H 1
| #define HAVE_FCNTL_H 1
| #define HAVE_LIMITS_H 1
| #define HAVE_NETDB_H 1
| #define HAVE_NETINET_IN_H 1
| #define HAVE_STDDEF_H 1
| #define HAVE_SYS_IOCTL_H 1
| #define HAVE_SYS_SOCKET_H 1
| #define HAVE_SYS_TIME_H 1
| #define HAVE_ERRNO_H 1
| /* end confdefs.h.  */
| #include <stdio.h>
| #ifdef HAVE_SYS_TYPES_H
| # include <sys/types.h>
| #endif
| #ifdef HAVE_SYS_STAT_H
| # include <sys/stat.h>
| #endif
| #ifdef STDC_HEADERS
| # include <stdlib.h>
| # include <stddef.h>
| #else
| # ifdef HAVE_STDLIB_H
| #  include <stdlib.h>
| # endif
| #endif
| #ifdef HAVE_STRING_H
| # if !defined STDC_HEADERS && defined HAVE_MEMORY_H
| #  include <memory.h>
| # endif
| # include <string.h>
| #endif
| #ifdef HAVE_STRINGS_H
| # include <strings.h>
| #endif
| #ifdef HAVE_INTTYPES_H
| # include <inttypes.h>
| #endif
| #ifdef HAVE_STDINT_H
| # include <stdint.h>
| #endif
| #ifdef HAVE_UNISTD_H
| # include <unistd.h>
| #endif
|    typedef long long ac__type_sizeof_;
| int
| main ()
| {
| static int test_array [1 - 2 * !(((long int) (sizeof (ac__type_sizeof_))) <= 1)];
| test_array [0] = 0
| 
|   ;
|   return 0;
| }
configure:17621: rsdk-linux-gcc -c    conftest.c >&5
conftest.c: In function `main':
conftest.c:75: error: size of array `test_array' is negative
configure:17627: $? = 1
configure: failed program was:
| /* confdefs.h.  */
| #define PACKAGE_NAME "cyassl"
| #define PACKAGE_TARNAME "cyassl"
| #define PACKAGE_VERSION "2.2.0"
| #define PACKAGE_STRING "cyassl 2.2.0"
| #define PACKAGE_BUGREPORT "http://www.yassl.com"
| #define PACKAGE "cyassl"
| #define VERSION "2.2.0"
| #define STDC_HEADERS 1
| #define HAVE_SYS_TYPES_H 1
| #define HAVE_SYS_STAT_H 1
| #define HAVE_STDLIB_H 1
| #define HAVE_STRING_H 1
| #define HAVE_MEMORY_H 1
| #define HAVE_STRINGS_H 1
| #define HAVE_INTTYPES_H 1
| #define HAVE_STDINT_H 1
| #define HAVE_UNISTD_H 1
| #define HAVE_DLFCN_H 1
| #define LT_OBJDIR ".libs/"
| #define HAVE_VISIBILITY 0
| #define HAVE_GETHOSTBYNAME 1
| #define HAVE_GETTIMEOFDAY 1
| #define HAVE_INET_NTOA 1
| #define HAVE_MEMSET 1
| #define HAVE_SOCKET 1
| #define HAVE_ARPA_INET_H 1
| #define HAVE_FCNTL_H 1
| #define HAVE_LIMITS_H 1
| #define HAVE_NETDB_H 1
| #define HAVE_NETINET_IN_H 1
| #define HAVE_STDDEF_H 1
| #define HAVE_SYS_IOCTL_H 1
| #define HAVE_SYS_SOCKET_H 1
| #define HAVE_SYS_TIME_H 1
| #define HAVE_ERRNO_H 1
| /* end confdefs.h.  */
| #include <stdio.h>
| #ifdef HAVE_SYS_TYPES_H
| # include <sys/types.h>
| #endif
| #ifdef HAVE_SYS_STAT_H
| # include <sys/stat.h>
| #endif
| #ifdef STDC_HEADERS
| # include <stdlib.h>
| # include <stddef.h>
| #else
| # ifdef HAVE_STDLIB_H
| #  include <stdlib.h>
| # endif
| #endif
| #ifdef HAVE_STRING_H
| # if !defined STDC_HEADERS && defined HAVE_MEMORY_H
| #  include <memory.h>
| # endif
| # include <string.h>
| #endif
| #ifdef HAVE_STRINGS_H
| # include <strings.h>
| #endif
| #ifdef HAVE_INTTYPES_H
| # include <inttypes.h>
| #endif
| #ifdef HAVE_STDINT_H
| # include <stdint.h>
| #endif
| #ifdef HAVE_UNISTD_H
| # include <unistd.h>
| #endif
|    typedef long long ac__type_sizeof_;
| int
| main ()
| {
| static int test_array [1 - 2 * !(((long int) (sizeof (ac__type_sizeof_))) <= 3)];
| test_array [0] = 0
| 
|   ;
|   return 0;
| }
configure:17621: rsdk-linux-gcc -c    conftest.c >&5
conftest.c: In function `main':
conftest.c:75: error: size of array `test_array' is negative
configure:17627: $? = 1
configure: failed program was:
| /* confdefs.h.  */
| #define PACKAGE_NAME "cyassl"
| #define PACKAGE_TARNAME "cyassl"
| #define PACKAGE_VERSION "2.2.0"
| #define PACKAGE_STRING "cyassl 2.2.0"
| #define PACKAGE_BUGREPORT "http://www.yassl.com"
| #define PACKAGE "cyassl"
| #define VERSION "2.2.0"
| #define STDC_HEADERS 1
| #define HAVE_SYS_TYPES_H 1
| #define HAVE_SYS_STAT_H 1
| #define HAVE_STDLIB_H 1
| #define HAVE_STRING_H 1
| #define HAVE_MEMORY_H 1
| #define HAVE_STRINGS_H 1
| #define HAVE_INTTYPES_H 1
| #define HAVE_STDINT_H 1
| #define HAVE_UNISTD_H 1
| #define HAVE_DLFCN_H 1
| #define LT_OBJDIR ".libs/"
| #define HAVE_VISIBILITY 0
| #define HAVE_GETHOSTBYNAME 1
| #define HAVE_GETTIMEOFDAY 1
| #define HAVE_INET_NTOA 1
| #define HAVE_MEMSET 1
| #define HAVE_SOCKET 1
| #define HAVE_ARPA_INET_H 1
| #define HAVE_FCNTL_H 1
| #define HAVE_LIMITS_H 1
| #define HAVE_NETDB_H 1
| #define HAVE_NETINET_IN_H 1
| #define HAVE_STDDEF_H 1
| #define HAVE_SYS_IOCTL_H 1
| #define HAVE_SYS_SOCKET_H 1
| #define HAVE_SYS_TIME_H 1
| #define HAVE_ERRNO_H 1
| /* end confdefs.h.  */
| #include <stdio.h>
| #ifdef HAVE_SYS_TYPES_H
| # include <sys/types.h>
| #endif
| #ifdef HAVE_SYS_STAT_H
| # include <sys/stat.h>
| #endif
| #ifdef STDC_HEADERS
| # include <stdlib.h>
| # include <stddef.h>
| #else
| # ifdef HAVE_STDLIB_H
| #  include <stdlib.h>
| # endif
| #endif
| #ifdef HAVE_STRING_H
| # if !defined STDC_HEADERS && defined HAVE_MEMORY_H
| #  include <memory.h>
| # endif
| # include <string.h>
| #endif
| #ifdef HAVE_STRINGS_H
| # include <strings.h>
| #endif
| #ifdef HAVE_INTTYPES_H
| # include <inttypes.h>
| #endif
| #ifdef HAVE_STDINT_H
| # include <stdint.h>
| #endif
| #ifdef HAVE_UNISTD_H
| # include <unistd.h>
| #endif
|    typedef long long ac__type_sizeof_;
| int
| main ()
| {
| static int test_array [1 - 2 * !(((long int) (sizeof (ac__type_sizeof_))) <= 7)];
| test_array [0] = 0
| 
|   ;
|   return 0;
| }
configure:17621: rsdk-linux-gcc -c    conftest.c >&5
configure:17627: $? = 0
configure:17776: rsdk-linux-gcc -c    conftest.c >&5
configure:17782: $? = 0
configure:17776: rsdk-linux-gcc -c    conftest.c >&5
configure:17782: $? = 0
configure:17776: rsdk-linux-gcc -c    conftest.c >&5
configure:17782: $? = 0
configure:17890: result: 8
configure:17900: checking for long
configure:17930: rsdk-linux-gcc -c    conftest.c >&5
configure:17936: $? = 0
configure:17951: result: yes
configure:17958: checking size of long
configure:17989: rsdk-linux-gcc -c    conftest.c >&5
configure:17995: $? = 0
configure:18026: rsdk-linux-gcc -c    conftest.c >&5
conftest.c: In function `main':
conftest.c:76: error: size of array `test_array' is negative
configure:18032: $? = 1
configure: failed program was:
| /* confdefs.h.  */
| #define PACKAGE_NAME "cyassl"
| #define PACKAGE_TARNAME "cyassl"
| #define PACKAGE_VERSION "2.2.0"
| #define PACKAGE_STRING "cyassl 2.2.0"
| #define PACKAGE_BUGREPORT "http://www.yassl.com"
| #define PACKAGE "cyassl"
| #define VERSION "2.2.0"
| #define STDC_HEADERS 1
| #define HAVE_SYS_TYPES_H 1
| #define HAVE_SYS_STAT_H 1
| #define HAVE_STDLIB_H 1
| #define HAVE_STRING_H 1
| #define HAVE_MEMORY_H 1
| #define HAVE_STRINGS_H 1
| #define HAVE_INTTYPES_H 1
| #define HAVE_STDINT_H 1
| #define HAVE_UNISTD_H 1
| #define HAVE_DLFCN_H 1
| #define LT_OBJDIR ".libs/"
| #define HAVE_VISIBILITY 0
| #define HAVE_GETHOSTBYNAME 1
| #define HAVE_GETTIMEOFDAY 1
| #define HAVE_INET_NTOA 1
| #define HAVE_MEMSET 1
| #define HAVE_SOCKET 1
| #define HAVE_ARPA_INET_H 1
| #define HAVE_FCNTL_H 1
| #define HAVE_LIMITS_H 1
| #define HAVE_NETDB_H 1
| #define HAVE_NETINET_IN_H 1
| #define HAVE_STDDEF_H 1
| #define HAVE_SYS_IOCTL_H 1
| #define HAVE_SYS_SOCKET_H 1
| #define HAVE_SYS_TIME_H 1
| #define HAVE_ERRNO_H 1
| #define SIZEOF_LONG_LONG 8
| /* end confdefs.h.  */
| #include <stdio.h>
| #ifdef HAVE_SYS_TYPES_H
| # include <sys/types.h>
| #endif
| #ifdef HAVE_SYS_STAT_H
| # include <sys/stat.h>
| #endif
| #ifdef STDC_HEADERS
| # include <stdlib.h>
| # include <stddef.h>
| #else
| # ifdef HAVE_STDLIB_H
| #  include <stdlib.h>
| # endif
| #endif
| #ifdef HAVE_STRING_H
| # if !defined STDC_HEADERS && defined HAVE_MEMORY_H
| #  include <memory.h>
| # endif
| # include <string.h>
| #endif
| #ifdef HAVE_STRINGS_H
| # include <strings.h>
| #endif
| #ifdef HAVE_INTTYPES_H
| # include <inttypes.h>
| #endif
| #ifdef HAVE_STDINT_H
| # include <stdint.h>
| #endif
| #ifdef HAVE_UNISTD_H
| # include <unistd.h>
| #endif
|    typedef long ac__type_sizeof_;
| int
| main ()
| {
| static int test_array [1 - 2 * !(((long int) (sizeof (ac__type_sizeof_))) <= 0)];
| test_array [0] = 0
| 
|   ;
|   return 0;
| }
configure:18026: rsdk-linux-gcc -c    conftest.c >&5
conftest.c: In function `main':
conftest.c:76: error: size of array `test_array' is negative
configure:18032: $? = 1
configure: failed program was:
| /* confdefs.h.  */
| #define PACKAGE_NAME "cyassl"
| #define PACKAGE_TARNAME "cyassl"
| #define PACKAGE_VERSION "2.2.0"
| #define PACKAGE_STRING "cyassl 2.2.0"
| #define PACKAGE_BUGREPORT "http://www.yassl.com"
| #define PACKAGE "cyassl"
| #define VERSION "2.2.0"
| #define STDC_HEADERS 1
| #define HAVE_SYS_TYPES_H 1
| #define HAVE_SYS_STAT_H 1
| #define HAVE_STDLIB_H 1
| #define HAVE_STRING_H 1
| #define HAVE_MEMORY_H 1
| #define HAVE_STRINGS_H 1
| #define HAVE_INTTYPES_H 1
| #define HAVE_STDINT_H 1
| #define HAVE_UNISTD_H 1
| #define HAVE_DLFCN_H 1
| #define LT_OBJDIR ".libs/"
| #define HAVE_VISIBILITY 0
| #define HAVE_GETHOSTBYNAME 1
| #define HAVE_GETTIMEOFDAY 1
| #define HAVE_INET_NTOA 1
| #define HAVE_MEMSET 1
| #define HAVE_SOCKET 1
| #define HAVE_ARPA_INET_H 1
| #define HAVE_FCNTL_H 1
| #define HAVE_LIMITS_H 1
| #define HAVE_NETDB_H 1
| #define HAVE_NETINET_IN_H 1
| #define HAVE_STDDEF_H 1
| #define HAVE_SYS_IOCTL_H 1
| #define HAVE_SYS_SOCKET_H 1
| #define HAVE_SYS_TIME_H 1
| #define HAVE_ERRNO_H 1
| #define SIZEOF_LONG_LONG 8
| /* end confdefs.h.  */
| #include <stdio.h>
| #ifdef HAVE_SYS_TYPES_H
| # include <sys/types.h>
| #endif
| #ifdef HAVE_SYS_STAT_H
| # include <sys/stat.h>
| #endif
| #ifdef STDC_HEADERS
| # include <stdlib.h>
| # include <stddef.h>
| #else
| # ifdef HAVE_STDLIB_H
| #  include <stdlib.h>
| # endif
| #endif
| #ifdef HAVE_STRING_H
| # if !defined STDC_HEADERS && defined HAVE_MEMORY_H
| #  include <memory.h>
| # endif
| # include <string.h>
| #endif
| #ifdef HAVE_STRINGS_H
| # include <strings.h>
| #endif
| #ifdef HAVE_INTTYPES_H
| # include <inttypes.h>
| #endif
| #ifdef HAVE_STDINT_H
| # include <stdint.h>
| #endif
| #ifdef HAVE_UNISTD_H
| # include <unistd.h>
| #endif
|    typedef long ac__type_sizeof_;
| int
| main ()
| {
| static int test_array [1 - 2 * !(((long int) (sizeof (ac__type_sizeof_))) <= 1)];
| test_array [0] = 0
| 
|   ;
|   return 0;
| }
configure:18026: rsdk-linux-gcc -c    conftest.c >&5
conftest.c: In function `main':
conftest.c:76: error: size of array `test_array' is negative
configure:18032: $? = 1
configure: failed program was:
| /* confdefs.h.  */
| #define PACKAGE_NAME "cyassl"
| #define PACKAGE_TARNAME "cyassl"
| #define PACKAGE_VERSION "2.2.0"
| #define PACKAGE_STRING "cyassl 2.2.0"
| #define PACKAGE_BUGREPORT "http://www.yassl.com"
| #define PACKAGE "cyassl"
| #define VERSION "2.2.0"
| #define STDC_HEADERS 1
| #define HAVE_SYS_TYPES_H 1
| #define HAVE_SYS_STAT_H 1
| #define HAVE_STDLIB_H 1
| #define HAVE_STRING_H 1
| #define HAVE_MEMORY_H 1
| #define HAVE_STRINGS_H 1
| #define HAVE_INTTYPES_H 1
| #define HAVE_STDINT_H 1
| #define HAVE_UNISTD_H 1
| #define HAVE_DLFCN_H 1
| #define LT_OBJDIR ".libs/"
| #define HAVE_VISIBILITY 0
| #define HAVE_GETHOSTBYNAME 1
| #define HAVE_GETTIMEOFDAY 1
| #define HAVE_INET_NTOA 1
| #define HAVE_MEMSET 1
| #define HAVE_SOCKET 1
| #define HAVE_ARPA_INET_H 1
| #define HAVE_FCNTL_H 1
| #define HAVE_LIMITS_H 1
| #define HAVE_NETDB_H 1
| #define HAVE_NETINET_IN_H 1
| #define HAVE_STDDEF_H 1
| #define HAVE_SYS_IOCTL_H 1
| #define HAVE_SYS_SOCKET_H 1
| #define HAVE_SYS_TIME_H 1
| #define HAVE_ERRNO_H 1
| #define SIZEOF_LONG_LONG 8
| /* end confdefs.h.  */
| #include <stdio.h>
| #ifdef HAVE_SYS_TYPES_H
| # include <sys/types.h>
| #endif
| #ifdef HAVE_SYS_STAT_H
| # include <sys/stat.h>
| #endif
| #ifdef STDC_HEADERS
| # include <stdlib.h>
| # include <stddef.h>
| #else
| # ifdef HAVE_STDLIB_H
| #  include <stdlib.h>
| # endif
| #endif
| #ifdef HAVE_STRING_H
| # if !defined STDC_HEADERS && defined HAVE_MEMORY_H
| #  include <memory.h>
| # endif
| # include <string.h>
| #endif
| #ifdef HAVE_STRINGS_H
| # include <strings.h>
| #endif
| #ifdef HAVE_INTTYPES_H
| # include <inttypes.h>
| #endif
| #ifdef HAVE_STDINT_H
| # include <stdint.h>
| #endif
| #ifdef HAVE_UNISTD_H
| # include <unistd.h>
| #endif
|    typedef long ac__type_sizeof_;
| int
| main ()
| {
| static int test_array [1 - 2 * !(((long int) (sizeof (ac__type_sizeof_))) <= 3)];
| test_array [0] = 0
| 
|   ;
|   return 0;
| }
configure:18026: rsdk-linux-gcc -c    conftest.c >&5
configure:18032: $? = 0
configure:18181: rsdk-linux-gcc -c    conftest.c >&5
configure:18187: $? = 0
configure:18181: rsdk-linux-gcc -c    conftest.c >&5
configure:18187: $? = 0
configure:18295: result: 4
configure:18305: checking whether byte ordering is bigendian
configure:18338: rsdk-linux-gcc -c    conftest.c >&5
configure:18344: $? = 0
configure:18376: rsdk-linux-gcc -c    conftest.c >&5
configure:18382: $? = 0
configure:18522: result: yes
configure:18602: checking for stdlib.h
configure:18608: result: yes
configure:18742: checking for GNU libc compatible malloc
configure:18804: result: no
configure:18832: checking whether time.h and sys/time.h may both be included
configure:18862: rsdk-linux-gcc -c    conftest.c >&5
conftest.c:42: error: syntax error at '##' token
conftest.c:42: error: syntax error before "malloc"
In file included from /home/mike/Downloads/project/RU/JWNR3200/rtl819x/toolchain/rsdk-1.3.6-5281-EB-2.6.30-0.9.30/include/bits/types.h:31,
                 from /home/mike/Downloads/project/RU/JWNR3200/rtl819x/toolchain/rsdk-1.3.6-5281-EB-2.6.30-0.9.30/include/sys/types.h:31,
                 from conftest.c:44:
/home/mike/Downloads/project/RU/JWNR3200/rtl819x/toolchain/rsdk-1.3.6-5281-EB-2.6.30-0.9.30/include/gcc/stddef.h:213: error: syntax error before "typedef"
configure:18868: $? = 1
configure: failed program was:
| /* confdefs.h.  */
| #define PACKAGE_NAME "cyassl"
| #define PACKAGE_TARNAME "cyassl"
| #define PACKAGE_VERSION "2.2.0"
| #define PACKAGE_STRING "cyassl 2.2.0"
| #define PACKAGE_BUGREPORT "http://www.yassl.com"
| #define PACKAGE "cyassl"
| #define VERSION "2.2.0"
| #define STDC_HEADERS 1
| #define HAVE_SYS_TYPES_H 1
| #define HAVE_SYS_STAT_H 1
| #define HAVE_STDLIB_H 1
| #define HAVE_STRING_H 1
| #define HAVE_MEMORY_H 1
| #define HAVE_STRINGS_H 1
| #define HAVE_INTTYPES_H 1
| #define HAVE_STDINT_H 1
| #define HAVE_UNISTD_H 1
| #define HAVE_DLFCN_H 1
| #define LT_OBJDIR ".libs/"
| #define HAVE_VISIBILITY 0
| #define HAVE_GETHOSTBYNAME 1
| #define HAVE_GETTIMEOFDAY 1
| #define HAVE_INET_NTOA 1
| #define HAVE_MEMSET 1
| #define HAVE_SOCKET 1
| #define HAVE_ARPA_INET_H 1
| #define HAVE_FCNTL_H 1
| #define HAVE_LIMITS_H 1
| #define HAVE_NETDB_H 1
| #define HAVE_NETINET_IN_H 1
| #define HAVE_STDDEF_H 1
| #define HAVE_SYS_IOCTL_H 1
| #define HAVE_SYS_SOCKET_H 1
| #define HAVE_SYS_TIME_H 1
| #define HAVE_ERRNO_H 1
| #define SIZEOF_LONG_LONG 8
| #define SIZEOF_LONG 4
| #define WORDS_BIGENDIAN 1
| #define HAVE_STDLIB_H 1
| #define HAVE_MALLOC 0
| ##define malloc rpl_malloc
| /* end confdefs.h.  */
| #include <sys/types.h>
| #include <sys/time.h>
| #include <time.h>
| 
| int
| main ()
| {
| if ((struct tm *) 0)
| return 0;
|   ;
|   return 0;
| }
configure:18883: result: no
configure:18901: checking for sys/time.h
configure:18907: result: yes
configure:18901: checking for unistd.h
configure:18907: result: yes
configure:19052: checking for alarm
configure:19108: rsdk-linux-gcc -o conftest     conftest.c -L/home/mike/Downloads/project/RU/JWNR3200/rtl819x/toolchain/rsdk-1.3.6-5281-EB-2.6.30-0.9.30/lib -lm -lpthread >&5
conftest.c:42: error: syntax error at '##' token
conftest.c:42: error: syntax error before "malloc"
conftest.c:69: error: syntax error before "char"
configure:19114: $? = 1
configure: failed program was:
| /* confdefs.h.  */
| #define PACKAGE_NAME "cyassl"
| #define PACKAGE_TARNAME "cyassl"
| #define PACKAGE_VERSION "2.2.0"
| #define PACKAGE_STRING "cyassl 2.2.0"
| #define PACKAGE_BUGREPORT "http://www.yassl.com"
| #define PACKAGE "cyassl"
| #define VERSION "2.2.0"
| #define STDC_HEADERS 1
| #define HAVE_SYS_TYPES_H 1
| #define HAVE_SYS_STAT_H 1
| #define HAVE_STDLIB_H 1
| #define HAVE_STRING_H 1
| #define HAVE_MEMORY_H 1
| #define HAVE_STRINGS_H 1
| #define HAVE_INTTYPES_H 1
| #define HAVE_STDINT_H 1
| #define HAVE_UNISTD_H 1
| #define HAVE_DLFCN_H 1
| #define LT_OBJDIR ".libs/"
| #define HAVE_VISIBILITY 0
| #define HAVE_GETHOSTBYNAME 1
| #define HAVE_GETTIMEOFDAY 1
| #define HAVE_INET_NTOA 1
| #define HAVE_MEMSET 1
| #define HAVE_SOCKET 1
| #define HAVE_ARPA_INET_H 1
| #define HAVE_FCNTL_H 1
| #define HAVE_LIMITS_H 1
| #define HAVE_NETDB_H 1
| #define HAVE_NETINET_IN_H 1
| #define HAVE_STDDEF_H 1
| #define HAVE_SYS_IOCTL_H 1
| #define HAVE_SYS_SOCKET_H 1
| #define HAVE_SYS_TIME_H 1
| #define HAVE_ERRNO_H 1
| #define SIZEOF_LONG_LONG 8
| #define SIZEOF_LONG 4
| #define WORDS_BIGENDIAN 1
| #define HAVE_STDLIB_H 1
| #define HAVE_MALLOC 0
| ##define malloc rpl_malloc
| #define HAVE_SYS_TIME_H 1
| #define HAVE_UNISTD_H 1
| /* end confdefs.h.  */
| /* Define alarm to an innocuous variant, in case <limits.h> declares alarm.
|    For example, HP-UX 11i <limits.h> declares gettimeofday.  */
| #define alarm innocuous_alarm
| 
| /* System header to define __stub macros and hopefully few prototypes,
|     which can conflict with char alarm (); below.
|     Prefer <limits.h> to <assert.h> if __STDC__ is defined, since
|     <limits.h> exists even on freestanding compilers.  */
| 
| #ifdef __STDC__
| # include <limits.h>
| #else
| # include <assert.h>
| #endif
| 
| #undef alarm
| 
| /* Override any GCC internal prototype to avoid an error.
|    Use char because int might match the return type of a GCC
|    builtin and then its argument prototype would still apply.  */
| #ifdef __cplusplus
| extern "C"
| #endif
| char alarm ();
| /* The GNU C library defines this for functions which it implements
|     to always fail with ENOSYS.  Some functions are actually named
|     something starting with __ and the normal name is an alias.  */
| #if defined __stub_alarm || defined __stub___alarm
| choke me
| #endif
| 
| int
| main ()
| {
| return alarm ();
|   ;
|   return 0;
| }
configure:19132: result: no
configure:19158: checking for working mktime
configure:19395: result: no
configure:19411: checking for stdlib.h
configure:19417: result: yes
configure:19551: checking for GNU libc compatible realloc
configure:19613: result: no
configure:19650: checking for mips-linux-gcc
configure:19677: result: rsdk-linux-gcc
configure:19955: checking for C compiler version
configure:19962: rsdk-linux-gcc --version >&5
mips-linux-gcc (GCC) 3.4.6-1.3.6
Copyright (C) 2006 Free Software Foundation, Inc.
This is free software; see the source for copying conditions.  There is NO
warranty; not even for MERCHANTABILITY or FITNESS FOR A PARTICULAR PURPOSE.

configure:19965: $? = 0
configure:19972: rsdk-linux-gcc -v >&5
Reading specs from /home/mike/Downloads/project/RU/JWNR3200/rtl819x/toolchain/rsdk-1.3.6-5281-EB-2.6.30-0.9.30/bin/../lib/gcc/mips-linux/3.4.6-1.3.6/specs
Configured with: RSDK Builder release 1.3
Thread model: posix
gcc version 3.4.6-1.3.6
configure:19975: $? = 0
configure:19982: rsdk-linux-gcc -V >&5
mips-linux-gcc: `-V' must come at the start of the command line
configure:19985: $? = 1
configure:19988: checking whether we are using the GNU C compiler
configure:20040: result: yes
configure:20045: checking whether rsdk-linux-gcc accepts -g
configure:20180: result: yes
configure:20197: checking for rsdk-linux-gcc option to accept ISO C89
configure:20300: result: none needed
configure:20320: checking dependency style of rsdk-linux-gcc
configure:20411: result: gcc3
configure:20427: checking whether rsdk-linux-gcc and cc understand -c and -o together
configure:20462: rsdk-linux-gcc -c conftest.c -o conftest2.o >&5
conftest.c:42: error: syntax error at '##' token
conftest.c:42: error: syntax error before "malloc"
conftest.c:47: error: syntax error at '##' token
conftest.c:50: error: syntax error before "int"
configure:20465: $? = 1
configure:20529: result: no
configure:20654: checking for C++ compiler version
configure:20661: rsdk-linux-g++ --version >&5
mips-linux-g++ (GCC) 3.4.6-1.3.6
Copyright (C) 2006 Free Software Foundation, Inc.
This is free software; see the source for copying conditions.  There is NO
warranty; not even for MERCHANTABILITY or FITNESS FOR A PARTICULAR PURPOSE.

configure:20664: $? = 0
configure:20671: rsdk-linux-g++ -v >&5
Reading specs from /home/mike/Downloads/project/RU/JWNR3200/rtl819x/toolchain/rsdk-1.3.6-5281-EB-2.6.30-0.9.30/bin/../lib/gcc/mips-linux/3.4.6-1.3.6/specs
Configured with: RSDK Builder release 1.3
Thread model: posix
gcc version 3.4.6-1.3.6
configure:20674: $? = 0
configure:20681: rsdk-linux-g++ -V >&5
mips-linux-g++: argument to `-V' missing

configure:20684: $? = 1
configure:20687: checking whether we are using the GNU C++ compiler
configure:20739: result: yes
configure:20744: checking whether rsdk-linux-g++ accepts -g
configure:20879: result: yes
configure:20904: checking dependency style of rsdk-linux-g++
configure:20995: result: gcc3
configure:21023: checking for a BSD-compatible install
configure:21079: result: /usr/bin/install -c
configure:21091: checking for size_t
configure:21121: rsdk-linux-gcc -c    conftest.c >&5
conftest.c:42: error: syntax error at '##' token
conftest.c:42: error: syntax error before "malloc"
conftest.c:47: error: syntax error at '##' token
In file included from /home/mike/Downloads/project/RU/JWNR3200/rtl819x/toolchain/rsdk-1.3.6-5281-EB-2.6.30-0.9.30/include/stdio.h:34,
                 from conftest.c:50:
/home/mike/Downloads/project/RU/JWNR3200/rtl819x/toolchain/rsdk-1.3.6-5281-EB-2.6.30-0.9.30/include/gcc/stddef.h:213: error: syntax error before "typedef"
configure:21127: $? = 1
configure: failed program was:
| /* confdefs.h.  */
| #define PACKAGE_NAME "cyassl"
| #define PACKAGE_TARNAME "cyassl"
| #define PACKAGE_VERSION "2.2.0"
| #define PACKAGE_STRING "cyassl 2.2.0"
| #define PACKAGE_BUGREPORT "http://www.yassl.com"
| #define PACKAGE "cyassl"
| #define VERSION "2.2.0"
| #define STDC_HEADERS 1
| #define HAVE_SYS_TYPES_H 1
| #define HAVE_SYS_STAT_H 1
| #define HAVE_STDLIB_H 1
| #define HAVE_STRING_H 1
| #define HAVE_MEMORY_H 1
| #define HAVE_STRINGS_H 1
| #define HAVE_INTTYPES_H 1
| #define HAVE_STDINT_H 1
| #define HAVE_UNISTD_H 1
| #define HAVE_DLFCN_H 1
| #define LT_OBJDIR ".libs/"
| #define HAVE_VISIBILITY 0
| #define HAVE_GETHOSTBYNAME 1
| #define HAVE_GETTIMEOFDAY 1
| #define HAVE_INET_NTOA 1
| #define HAVE_MEMSET 1
| #define HAVE_SOCKET 1
| #define HAVE_ARPA_INET_H 1
| #define HAVE_FCNTL_H 1
| #define HAVE_LIMITS_H 1
| #define HAVE_NETDB_H 1
| #define HAVE_NETINET_IN_H 1
| #define HAVE_STDDEF_H 1
| #define HAVE_SYS_IOCTL_H 1
| #define HAVE_SYS_SOCKET_H 1
| #define HAVE_SYS_TIME_H 1
| #define HAVE_ERRNO_H 1
| #define SIZEOF_LONG_LONG 8
| #define SIZEOF_LONG 4
| #define WORDS_BIGENDIAN 1
| #define HAVE_STDLIB_H 1
| #define HAVE_MALLOC 0
| ##define malloc rpl_malloc
| #define HAVE_SYS_TIME_H 1
| #define HAVE_UNISTD_H 1
| #define HAVE_STDLIB_H 1
| #define HAVE_REALLOC 0
| ##define realloc rpl_realloc
| #define NO_MINUS_C_MINUS_O 1
| /* end confdefs.h.  */
| #include <stdio.h>
| #ifdef HAVE_SYS_TYPES_H
| # include <sys/types.h>
| #endif
| #ifdef HAVE_SYS_STAT_H
| # include <sys/stat.h>
| #endif
| #ifdef STDC_HEADERS
| # include <stdlib.h>
| # include <stddef.h>
| #else
| # ifdef HAVE_STDLIB_H
| #  include <stdlib.h>
| # endif
| #endif
| #ifdef HAVE_STRING_H
| # if !defined STDC_HEADERS && defined HAVE_MEMORY_H
| #  include <memory.h>
| # endif
| # include <string.h>
| #endif
| #ifdef HAVE_STRINGS_H
| # include <strings.h>
| #endif
| #ifdef HAVE_INTTYPES_H
| # include <inttypes.h>
| #endif
| #ifdef HAVE_STDINT_H
| # include <stdint.h>
| #endif
| #ifdef HAVE_UNISTD_H
| # include <unistd.h>
| #endif
| typedef size_t ac__type_new_;
| int
| main ()
| {
| if ((ac__type_new_ *) 0)
|   return 0;
| if (sizeof (ac__type_new_))
|   return 0;
|   ;
|   return 0;
| }
configure:21142: result: no
configure:21155: checking for uint8_t
configure:21186: rsdk-linux-gcc -c    conftest.c >&5
conftest.c:42: error: syntax error at '##' token
conftest.c:42: error: syntax error before "malloc"
conftest.c:47: error: syntax error at '##' token
In file included from /home/mike/Downloads/project/RU/JWNR3200/rtl819x/toolchain/rsdk-1.3.6-5281-EB-2.6.30-0.9.30/include/stdio.h:34,
                 from conftest.c:51:
/home/mike/Downloads/project/RU/JWNR3200/rtl819x/toolchain/rsdk-1.3.6-5281-EB-2.6.30-0.9.30/include/gcc/stddef.h:213: error: syntax error before "typedef"
configure:21192: $? = 1
configure: failed program was:
| /* confdefs.h.  */
| #define PACKAGE_NAME "cyassl"
| #define PACKAGE_TARNAME "cyassl"
| #define PACKAGE_VERSION "2.2.0"
| #define PACKAGE_STRING "cyassl 2.2.0"
| #define PACKAGE_BUGREPORT "http://www.yassl.com"
| #define PACKAGE "cyassl"
| #define VERSION "2.2.0"
| #define STDC_HEADERS 1
| #define HAVE_SYS_TYPES_H 1
| #define HAVE_SYS_STAT_H 1
| #define HAVE_STDLIB_H 1
| #define HAVE_STRING_H 1
| #define HAVE_MEMORY_H 1
| #define HAVE_STRINGS_H 1
| #define HAVE_INTTYPES_H 1
| #define HAVE_STDINT_H 1
| #define HAVE_UNISTD_H 1
| #define HAVE_DLFCN_H 1
| #define LT_OBJDIR ".libs/"
| #define HAVE_VISIBILITY 0
| #define HAVE_GETHOSTBYNAME 1
| #define HAVE_GETTIMEOFDAY 1
| #define HAVE_INET_NTOA 1
| #define HAVE_MEMSET 1
| #define HAVE_SOCKET 1
| #define HAVE_ARPA_INET_H 1
| #define HAVE_FCNTL_H 1
| #define HAVE_LIMITS_H 1
| #define HAVE_NETDB_H 1
| #define HAVE_NETINET_IN_H 1
| #define HAVE_STDDEF_H 1
| #define HAVE_SYS_IOCTL_H 1
| #define HAVE_SYS_SOCKET_H 1
| #define HAVE_SYS_TIME_H 1
| #define HAVE_ERRNO_H 1
| #define SIZEOF_LONG_LONG 8
| #define SIZEOF_LONG 4
| #define WORDS_BIGENDIAN 1
| #define HAVE_STDLIB_H 1
| #define HAVE_MALLOC 0
| ##define malloc rpl_malloc
| #define HAVE_SYS_TIME_H 1
| #define HAVE_UNISTD_H 1
| #define HAVE_STDLIB_H 1
| #define HAVE_REALLOC 0
| ##define realloc rpl_realloc
| #define NO_MINUS_C_MINUS_O 1
| #define size_t unsigned int
| /* end confdefs.h.  */
| #include <stdio.h>
| #ifdef HAVE_SYS_TYPES_H
| # include <sys/types.h>
| #endif
| #ifdef HAVE_SYS_STAT_H
| # include <sys/stat.h>
| #endif
| #ifdef STDC_HEADERS
| # include <stdlib.h>
| # include <stddef.h>
| #else
| # ifdef HAVE_STDLIB_H
| #  include <stdlib.h>
| # endif
| #endif
| #ifdef HAVE_STRING_H
| # if !defined STDC_HEADERS && defined HAVE_MEMORY_H
| #  include <memory.h>
| # endif
| # include <string.h>
| #endif
| #ifdef HAVE_STRINGS_H
| # include <strings.h>
| #endif
| #ifdef HAVE_INTTYPES_H
| # include <inttypes.h>
| #endif
| #ifdef HAVE_STDINT_H
| # include <stdint.h>
| #endif
| #ifdef HAVE_UNISTD_H
| # include <unistd.h>
| #endif
| int
| main ()
| {
| static int test_array [1 - 2 * !((uint8_t) -1 >> (8 - 1) == 1)];
| test_array [0] = 0
| 
|   ;
|   return 0;
| }
configure:21186: rsdk-linux-gcc -c    conftest.c >&5
conftest.c:42: error: syntax error at '##' token
conftest.c:42: error: syntax error before "malloc"
conftest.c:47: error: syntax error at '##' token
In file included from /home/mike/Downloads/project/RU/JWNR3200/rtl819x/toolchain/rsdk-1.3.6-5281-EB-2.6.30-0.9.30/include/stdio.h:34,
                 from conftest.c:51:
/home/mike/Downloads/project/RU/JWNR3200/rtl819x/toolchain/rsdk-1.3.6-5281-EB-2.6.30-0.9.30/include/gcc/stddef.h:213: error: syntax error before "typedef"
conftest.c: In function `main':
conftest.c:87: error: size of array `test_array' is negative
configure:21192: $? = 1
configure: failed program was:
| /* confdefs.h.  */
| #define PACKAGE_NAME "cyassl"
| #define PACKAGE_TARNAME "cyassl"
| #define PACKAGE_VERSION "2.2.0"
| #define PACKAGE_STRING "cyassl 2.2.0"
| #define PACKAGE_BUGREPORT "http://www.yassl.com"
| #define PACKAGE "cyassl"
| #define VERSION "2.2.0"
| #define STDC_HEADERS 1
| #define HAVE_SYS_TYPES_H 1
| #define HAVE_SYS_STAT_H 1
| #define HAVE_STDLIB_H 1
| #define HAVE_STRING_H 1
| #define HAVE_MEMORY_H 1
| #define HAVE_STRINGS_H 1
| #define HAVE_INTTYPES_H 1
| #define HAVE_STDINT_H 1
| #define HAVE_UNISTD_H 1
| #define HAVE_DLFCN_H 1
| #define LT_OBJDIR ".libs/"
| #define HAVE_VISIBILITY 0
| #define HAVE_GETHOSTBYNAME 1
| #define HAVE_GETTIMEOFDAY 1
| #define HAVE_INET_NTOA 1
| #define HAVE_MEMSET 1
| #define HAVE_SOCKET 1
| #define HAVE_ARPA_INET_H 1
| #define HAVE_FCNTL_H 1
| #define HAVE_LIMITS_H 1
| #define HAVE_NETDB_H 1
| #define HAVE_NETINET_IN_H 1
| #define HAVE_STDDEF_H 1
| #define HAVE_SYS_IOCTL_H 1
| #define HAVE_SYS_SOCKET_H 1
| #define HAVE_SYS_TIME_H 1
| #define HAVE_ERRNO_H 1
| #define SIZEOF_LONG_LONG 8
| #define SIZEOF_LONG 4
| #define WORDS_BIGENDIAN 1
| #define HAVE_STDLIB_H 1
| #define HAVE_MALLOC 0
| ##define malloc rpl_malloc
| #define HAVE_SYS_TIME_H 1
| #define HAVE_UNISTD_H 1
| #define HAVE_STDLIB_H 1
| #define HAVE_REALLOC 0
| ##define realloc rpl_realloc
| #define NO_MINUS_C_MINUS_O 1
| #define size_t unsigned int
| /* end confdefs.h.  */
| #include <stdio.h>
| #ifdef HAVE_SYS_TYPES_H
| # include <sys/types.h>
| #endif
| #ifdef HAVE_SYS_STAT_H
| # include <sys/stat.h>
| #endif
| #ifdef STDC_HEADERS
| # include <stdlib.h>
| # include <stddef.h>
| #else
| # ifdef HAVE_STDLIB_H
| #  include <stdlib.h>
| # endif
| #endif
| #ifdef HAVE_STRING_H
| # if !defined STDC_HEADERS && defined HAVE_MEMORY_H
| #  include <memory.h>
| # endif
| # include <string.h>
| #endif
| #ifdef HAVE_STRINGS_H
| # include <strings.h>
| #endif
| #ifdef HAVE_INTTYPES_H
| # include <inttypes.h>
| #endif
| #ifdef HAVE_STDINT_H
| # include <stdint.h>
| #endif
| #ifdef HAVE_UNISTD_H
| # include <unistd.h>
| #endif
| int
| main ()
| {
| static int test_array [1 - 2 * !((unsigned int) -1 >> (8 - 1) == 1)];
| test_array [0] = 0
| 
|   ;
|   return 0;
| }
configure:21186: rsdk-linux-gcc -c    conftest.c >&5
conftest.c:42: error: syntax error at '##' token
conftest.c:42: error: syntax error before "malloc"
conftest.c:47: error: syntax error at '##' token
In file included from /home/mike/Downloads/project/RU/JWNR3200/rtl819x/toolchain/rsdk-1.3.6-5281-EB-2.6.30-0.9.30/include/stdio.h:34,
                 from conftest.c:51:
/home/mike/Downloads/project/RU/JWNR3200/rtl819x/toolchain/rsdk-1.3.6-5281-EB-2.6.30-0.9.30/include/gcc/stddef.h:213: error: syntax error before "typedef"
conftest.c: In function `main':
conftest.c:87: error: size of array `test_array' is negative
configure:21192: $? = 1
configure: failed program was:
| /* confdefs.h.  */
| #define PACKAGE_NAME "cyassl"
| #define PACKAGE_TARNAME "cyassl"
| #define PACKAGE_VERSION "2.2.0"
| #define PACKAGE_STRING "cyassl 2.2.0"
| #define PACKAGE_BUGREPORT "http://www.yassl.com"
| #define PACKAGE "cyassl"
| #define VERSION "2.2.0"
| #define STDC_HEADERS 1
| #define HAVE_SYS_TYPES_H 1
| #define HAVE_SYS_STAT_H 1
| #define HAVE_STDLIB_H 1
| #define HAVE_STRING_H 1
| #define HAVE_MEMORY_H 1
| #define HAVE_STRINGS_H 1
| #define HAVE_INTTYPES_H 1
| #define HAVE_STDINT_H 1
| #define HAVE_UNISTD_H 1
| #define HAVE_DLFCN_H 1
| #define LT_OBJDIR ".libs/"
| #define HAVE_VISIBILITY 0
| #define HAVE_GETHOSTBYNAME 1
| #define HAVE_GETTIMEOFDAY 1
| #define HAVE_INET_NTOA 1
| #define HAVE_MEMSET 1
| #define HAVE_SOCKET 1
| #define HAVE_ARPA_INET_H 1
| #define HAVE_FCNTL_H 1
| #define HAVE_LIMITS_H 1
| #define HAVE_NETDB_H 1
| #define HAVE_NETINET_IN_H 1
| #define HAVE_STDDEF_H 1
| #define HAVE_SYS_IOCTL_H 1
| #define HAVE_SYS_SOCKET_H 1
| #define HAVE_SYS_TIME_H 1
| #define HAVE_ERRNO_H 1
| #define SIZEOF_LONG_LONG 8
| #define SIZEOF_LONG 4
| #define WORDS_BIGENDIAN 1
| #define HAVE_STDLIB_H 1
| #define HAVE_MALLOC 0
| ##define malloc rpl_malloc
| #define HAVE_SYS_TIME_H 1
| #define HAVE_UNISTD_H 1
| #define HAVE_STDLIB_H 1
| #define HAVE_REALLOC 0
| ##define realloc rpl_realloc
| #define NO_MINUS_C_MINUS_O 1
| #define size_t unsigned int
| /* end confdefs.h.  */
| #include <stdio.h>
| #ifdef HAVE_SYS_TYPES_H
| # include <sys/types.h>
| #endif
| #ifdef HAVE_SYS_STAT_H
| # include <sys/stat.h>
| #endif
| #ifdef STDC_HEADERS
| # include <stdlib.h>
| # include <stddef.h>
| #else
| # ifdef HAVE_STDLIB_H
| #  include <stdlib.h>
| # endif
| #endif
| #ifdef HAVE_STRING_H
| # if !defined STDC_HEADERS && defined HAVE_MEMORY_H
| #  include <memory.h>
| # endif
| # include <string.h>
| #endif
| #ifdef HAVE_STRINGS_H
| # include <strings.h>
| #endif
| #ifdef HAVE_INTTYPES_H
| # include <inttypes.h>
| #endif
| #ifdef HAVE_STDINT_H
| # include <stdint.h>
| #endif
| #ifdef HAVE_UNISTD_H
| # include <unistd.h>
| #endif
| int
| main ()
| {
| static int test_array [1 - 2 * !((unsigned long int) -1 >> (8 - 1) == 1)];
| test_array [0] = 0
| 
|   ;
|   return 0;
| }
configure:21186: rsdk-linux-gcc -c    conftest.c >&5
conftest.c:42: error: syntax error at '##' token
conftest.c:42: error: syntax error before "malloc"
conftest.c:47: error: syntax error at '##' token
In file included from /home/mike/Downloads/project/RU/JWNR3200/rtl819x/toolchain/rsdk-1.3.6-5281-EB-2.6.30-0.9.30/include/stdio.h:34,
                 from conftest.c:51:
/home/mike/Downloads/project/RU/JWNR3200/rtl819x/toolchain/rsdk-1.3.6-5281-EB-2.6.30-0.9.30/include/gcc/stddef.h:213: error: syntax error before "typedef"
conftest.c: In function `main':
conftest.c:87: error: size of array `test_array' is negative
configure:21192: $? = 1
configure: failed program was:
| /* confdefs.h.  */
| #define PACKAGE_NAME "cyassl"
| #define PACKAGE_TARNAME "cyassl"
| #define PACKAGE_VERSION "2.2.0"
| #define PACKAGE_STRING "cyassl 2.2.0"
| #define PACKAGE_BUGREPORT "http://www.yassl.com"
| #define PACKAGE "cyassl"
| #define VERSION "2.2.0"
| #define STDC_HEADERS 1
| #define HAVE_SYS_TYPES_H 1
| #define HAVE_SYS_STAT_H 1
| #define HAVE_STDLIB_H 1
| #define HAVE_STRING_H 1
| #define HAVE_MEMORY_H 1
| #define HAVE_STRINGS_H 1
| #define HAVE_INTTYPES_H 1
| #define HAVE_STDINT_H 1
| #define HAVE_UNISTD_H 1
| #define HAVE_DLFCN_H 1
| #define LT_OBJDIR ".libs/"
| #define HAVE_VISIBILITY 0
| #define HAVE_GETHOSTBYNAME 1
| #define HAVE_GETTIMEOFDAY 1
| #define HAVE_INET_NTOA 1
| #define HAVE_MEMSET 1
| #define HAVE_SOCKET 1
| #define HAVE_ARPA_INET_H 1
| #define HAVE_FCNTL_H 1
| #define HAVE_LIMITS_H 1
| #define HAVE_NETDB_H 1
| #define HAVE_NETINET_IN_H 1
| #define HAVE_STDDEF_H 1
| #define HAVE_SYS_IOCTL_H 1
| #define HAVE_SYS_SOCKET_H 1
| #define HAVE_SYS_TIME_H 1
| #define HAVE_ERRNO_H 1
| #define SIZEOF_LONG_LONG 8
| #define SIZEOF_LONG 4
| #define WORDS_BIGENDIAN 1
| #define HAVE_STDLIB_H 1
| #define HAVE_MALLOC 0
| ##define malloc rpl_malloc
| #define HAVE_SYS_TIME_H 1
| #define HAVE_UNISTD_H 1
| #define HAVE_STDLIB_H 1
| #define HAVE_REALLOC 0
| ##define realloc rpl_realloc
| #define NO_MINUS_C_MINUS_O 1
| #define size_t unsigned int
| /* end confdefs.h.  */
| #include <stdio.h>
| #ifdef HAVE_SYS_TYPES_H
| # include <sys/types.h>
| #endif
| #ifdef HAVE_SYS_STAT_H
| # include <sys/stat.h>
| #endif
| #ifdef STDC_HEADERS
| # include <stdlib.h>
| # include <stddef.h>
| #else
| # ifdef HAVE_STDLIB_H
| #  include <stdlib.h>
| # endif
| #endif
| #ifdef HAVE_STRING_H
| # if !defined STDC_HEADERS && defined HAVE_MEMORY_H
| #  include <memory.h>
| # endif
| # include <string.h>
| #endif
| #ifdef HAVE_STRINGS_H
| # include <strings.h>
| #endif
| #ifdef HAVE_INTTYPES_H
| # include <inttypes.h>
| #endif
| #ifdef HAVE_STDINT_H
| # include <stdint.h>
| #endif
| #ifdef HAVE_UNISTD_H
| # include <unistd.h>
| #endif
| int
| main ()
| {
| static int test_array [1 - 2 * !((unsigned long long int) -1 >> (8 - 1) == 1)];
| test_array [0] = 0
| 
|   ;
|   return 0;
| }
configure:21186: rsdk-linux-gcc -c    conftest.c >&5
conftest.c:42: error: syntax error at '##' token
conftest.c:42: error: syntax error before "malloc"
conftest.c:47: error: syntax error at '##' token
In file included from /home/mike/Downloads/project/RU/JWNR3200/rtl819x/toolchain/rsdk-1.3.6-5281-EB-2.6.30-0.9.30/include/stdio.h:34,
                 from conftest.c:51:
/home/mike/Downloads/project/RU/JWNR3200/rtl819x/toolchain/rsdk-1.3.6-5281-EB-2.6.30-0.9.30/include/gcc/stddef.h:213: error: syntax error before "typedef"
conftest.c: In function `main':
conftest.c:87: error: size of array `test_array' is negative
configure:21192: $? = 1
configure: failed program was:
| /* confdefs.h.  */
| #define PACKAGE_NAME "cyassl"
| #define PACKAGE_TARNAME "cyassl"
| #define PACKAGE_VERSION "2.2.0"
| #define PACKAGE_STRING "cyassl 2.2.0"
| #define PACKAGE_BUGREPORT "http://www.yassl.com"
| #define PACKAGE "cyassl"
| #define VERSION "2.2.0"
| #define STDC_HEADERS 1
| #define HAVE_SYS_TYPES_H 1
| #define HAVE_SYS_STAT_H 1
| #define HAVE_STDLIB_H 1
| #define HAVE_STRING_H 1
| #define HAVE_MEMORY_H 1
| #define HAVE_STRINGS_H 1
| #define HAVE_INTTYPES_H 1
| #define HAVE_STDINT_H 1
| #define HAVE_UNISTD_H 1
| #define HAVE_DLFCN_H 1
| #define LT_OBJDIR ".libs/"
| #define HAVE_VISIBILITY 0
| #define HAVE_GETHOSTBYNAME 1
| #define HAVE_GETTIMEOFDAY 1
| #define HAVE_INET_NTOA 1
| #define HAVE_MEMSET 1
| #define HAVE_SOCKET 1
| #define HAVE_ARPA_INET_H 1
| #define HAVE_FCNTL_H 1
| #define HAVE_LIMITS_H 1
| #define HAVE_NETDB_H 1
| #define HAVE_NETINET_IN_H 1
| #define HAVE_STDDEF_H 1
| #define HAVE_SYS_IOCTL_H 1
| #define HAVE_SYS_SOCKET_H 1
| #define HAVE_SYS_TIME_H 1
| #define HAVE_ERRNO_H 1
| #define SIZEOF_LONG_LONG 8
| #define SIZEOF_LONG 4
| #define WORDS_BIGENDIAN 1
| #define HAVE_STDLIB_H 1
| #define HAVE_MALLOC 0
| ##define malloc rpl_malloc
| #define HAVE_SYS_TIME_H 1
| #define HAVE_UNISTD_H 1
| #define HAVE_STDLIB_H 1
| #define HAVE_REALLOC 0
| ##define realloc rpl_realloc
| #define NO_MINUS_C_MINUS_O 1
| #define size_t unsigned int
| /* end confdefs.h.  */
| #include <stdio.h>
| #ifdef HAVE_SYS_TYPES_H
| # include <sys/types.h>
| #endif
| #ifdef HAVE_SYS_STAT_H
| # include <sys/stat.h>
| #endif
| #ifdef STDC_HEADERS
| # include <stdlib.h>
| # include <stddef.h>
| #else
| # ifdef HAVE_STDLIB_H
| #  include <stdlib.h>
| # endif
| #endif
| #ifdef HAVE_STRING_H
| # if !defined STDC_HEADERS && defined HAVE_MEMORY_H
| #  include <memory.h>
| # endif
| # include <string.h>
| #endif
| #ifdef HAVE_STRINGS_H
| # include <strings.h>
| #endif
| #ifdef HAVE_INTTYPES_H
| # include <inttypes.h>
| #endif
| #ifdef HAVE_STDINT_H
| # include <stdint.h>
| #endif
| #ifdef HAVE_UNISTD_H
| # include <unistd.h>
| #endif
| int
| main ()
| {
| static int test_array [1 - 2 * !((unsigned short int) -1 >> (8 - 1) == 1)];
| test_array [0] = 0
| 
|   ;
|   return 0;
| }
configure:21186: rsdk-linux-gcc -c    conftest.c >&5
conftest.c:42: error: syntax error at '##' token
conftest.c:42: error: syntax error before "malloc"
conftest.c:47: error: syntax error at '##' token
In file included from /home/mike/Downloads/project/RU/JWNR3200/rtl819x/toolchain/rsdk-1.3.6-5281-EB-2.6.30-0.9.30/include/stdio.h:34,
                 from conftest.c:51:
/home/mike/Downloads/project/RU/JWNR3200/rtl819x/toolchain/rsdk-1.3.6-5281-EB-2.6.30-0.9.30/include/gcc/stddef.h:213: error: syntax error before "typedef"
configure:21192: $? = 1
configure: failed program was:
| /* confdefs.h.  */
| #define PACKAGE_NAME "cyassl"
| #define PACKAGE_TARNAME "cyassl"
| #define PACKAGE_VERSION "2.2.0"
| #define PACKAGE_STRING "cyassl 2.2.0"
| #define PACKAGE_BUGREPORT "http://www.yassl.com"
| #define PACKAGE "cyassl"
| #define VERSION "2.2.0"
| #define STDC_HEADERS 1
| #define HAVE_SYS_TYPES_H 1
| #define HAVE_SYS_STAT_H 1
| #define HAVE_STDLIB_H 1
| #define HAVE_STRING_H 1
| #define HAVE_MEMORY_H 1
| #define HAVE_STRINGS_H 1
| #define HAVE_INTTYPES_H 1
| #define HAVE_STDINT_H 1
| #define HAVE_UNISTD_H 1
| #define HAVE_DLFCN_H 1
| #define LT_OBJDIR ".libs/"
| #define HAVE_VISIBILITY 0
| #define HAVE_GETHOSTBYNAME 1
| #define HAVE_GETTIMEOFDAY 1
| #define HAVE_INET_NTOA 1
| #define HAVE_MEMSET 1
| #define HAVE_SOCKET 1
| #define HAVE_ARPA_INET_H 1
| #define HAVE_FCNTL_H 1
| #define HAVE_LIMITS_H 1
| #define HAVE_NETDB_H 1
| #define HAVE_NETINET_IN_H 1
| #define HAVE_STDDEF_H 1
| #define HAVE_SYS_IOCTL_H 1
| #define HAVE_SYS_SOCKET_H 1
| #define HAVE_SYS_TIME_H 1
| #define HAVE_ERRNO_H 1
| #define SIZEOF_LONG_LONG 8
| #define SIZEOF_LONG 4
| #define WORDS_BIGENDIAN 1
| #define HAVE_STDLIB_H 1
| #define HAVE_MALLOC 0
| ##define malloc rpl_malloc
| #define HAVE_SYS_TIME_H 1
| #define HAVE_UNISTD_H 1
| #define HAVE_STDLIB_H 1
| #define HAVE_REALLOC 0
| ##define realloc rpl_realloc
| #define NO_MINUS_C_MINUS_O 1
| #define size_t unsigned int
| /* end confdefs.h.  */
| #include <stdio.h>
| #ifdef HAVE_SYS_TYPES_H
| # include <sys/types.h>
| #endif
| #ifdef HAVE_SYS_STAT_H
| # include <sys/stat.h>
| #endif
| #ifdef STDC_HEADERS
| # include <stdlib.h>
| # include <stddef.h>
| #else
| # ifdef HAVE_STDLIB_H
| #  include <stdlib.h>
| # endif
| #endif
| #ifdef HAVE_STRING_H
| # if !defined STDC_HEADERS && defined HAVE_MEMORY_H
| #  include <memory.h>
| # endif
| # include <string.h>
| #endif
| #ifdef HAVE_STRINGS_H
| # include <strings.h>
| #endif
| #ifdef HAVE_INTTYPES_H
| # include <inttypes.h>
| #endif
| #ifdef HAVE_STDINT_H
| # include <stdint.h>
| #endif
| #ifdef HAVE_UNISTD_H
| # include <unistd.h>
| #endif
| int
| main ()
| {
| static int test_array [1 - 2 * !((unsigned char) -1 >> (8 - 1) == 1)];
| test_array [0] = 0
| 
|   ;
|   return 0;
| }
configure:21213: result: no
configure:21239: checking dependency style of rsdk-linux-gcc
configure:21330: result: gcc3
configure:21497: checking for cos in -lm
configure:21532: /home/mike/Downloads/project/RU/JWNR3200/apps/cyassl/cyassl-2.2.0/config/compile rsdk-linux-gcc -o conftest     conftest.c -lm  -L/home/mike/Downloads/project/RU/JWNR3200/rtl819x/toolchain/rsdk-1.3.6-5281-EB-2.6.30-0.9.30/lib -lm -lpthread >&5
conftest.c:42: error: syntax error at '##' token
conftest.c:42: error: syntax error before "malloc"
conftest.c:47: error: syntax error at '##' token
conftest.c:58: error: syntax error before "char"
conftest.c:58: warning: conflicting types for built-in function 'cos'
configure:21538: $? = 1
configure: failed program was:
| /* confdefs.h.  */
| #define PACKAGE_NAME "cyassl"
| #define PACKAGE_TARNAME "cyassl"
| #define PACKAGE_VERSION "2.2.0"
| #define PACKAGE_STRING "cyassl 2.2.0"
| #define PACKAGE_BUGREPORT "http://www.yassl.com"
| #define PACKAGE "cyassl"
| #define VERSION "2.2.0"
| #define STDC_HEADERS 1
| #define HAVE_SYS_TYPES_H 1
| #define HAVE_SYS_STAT_H 1
| #define HAVE_STDLIB_H 1
| #define HAVE_STRING_H 1
| #define HAVE_MEMORY_H 1
| #define HAVE_STRINGS_H 1
| #define HAVE_INTTYPES_H 1
| #define HAVE_STDINT_H 1
| #define HAVE_UNISTD_H 1
| #define HAVE_DLFCN_H 1
| #define LT_OBJDIR ".libs/"
| #define HAVE_VISIBILITY 0
| #define HAVE_GETHOSTBYNAME 1
| #define HAVE_GETTIMEOFDAY 1
| #define HAVE_INET_NTOA 1
| #define HAVE_MEMSET 1
| #define HAVE_SOCKET 1
| #define HAVE_ARPA_INET_H 1
| #define HAVE_FCNTL_H 1
| #define HAVE_LIMITS_H 1
| #define HAVE_NETDB_H 1
| #define HAVE_NETINET_IN_H 1
| #define HAVE_STDDEF_H 1
| #define HAVE_SYS_IOCTL_H 1
| #define HAVE_SYS_SOCKET_H 1
| #define HAVE_SYS_TIME_H 1
| #define HAVE_ERRNO_H 1
| #define SIZEOF_LONG_LONG 8
| #define SIZEOF_LONG 4
| #define WORDS_BIGENDIAN 1
| #define HAVE_STDLIB_H 1
| #define HAVE_MALLOC 0
| ##define malloc rpl_malloc
| #define HAVE_SYS_TIME_H 1
| #define HAVE_UNISTD_H 1
| #define HAVE_STDLIB_H 1
| #define HAVE_REALLOC 0
| ##define realloc rpl_realloc
| #define NO_MINUS_C_MINUS_O 1
| #define size_t unsigned int
| /* end confdefs.h.  */
| 
| /* Override any GCC internal prototype to avoid an error.
|    Use char because int might match the return type of a GCC
|    builtin and then its argument prototype would still apply.  */
| #ifdef __cplusplus
| extern "C"
| #endif
| char cos ();
| int
| main ()
| {
| return cos ();
|   ;
|   return 0;
| }
configure:21556: result: no
configure:22541: checking for the pthreads library -lpthreads
configure:22589: /home/mike/Downloads/project/RU/JWNR3200/apps/cyassl/cyassl-2.2.0/config/compile rsdk-linux-gcc -o conftest      conftest.c -lpthreads -L/home/mike/Downloads/project/RU/JWNR3200/rtl819x/toolchain/rsdk-1.3.6-5281-EB-2.6.30-0.9.30/lib -lm -lpthread >&5
conftest.c:42: error: syntax error at '##' token
conftest.c:42: error: syntax error before "malloc"
conftest.c:47: error: syntax error at '##' token
In file included from /home/mike/Downloads/project/RU/JWNR3200/rtl819x/toolchain/rsdk-1.3.6-5281-EB-2.6.30-0.9.30/include/bits/types.h:31,
                 from /home/mike/Downloads/project/RU/JWNR3200/rtl819x/toolchain/rsdk-1.3.6-5281-EB-2.6.30-0.9.30/include/sched.h:26,
                 from /home/mike/Downloads/project/RU/JWNR3200/rtl819x/toolchain/rsdk-1.3.6-5281-EB-2.6.30-0.9.30/include/pthread.h:20,
                 from conftest.c:51:
/home/mike/Downloads/project/RU/JWNR3200/rtl819x/toolchain/rsdk-1.3.6-5281-EB-2.6.30-0.9.30/include/gcc/stddef.h:213: error: syntax error before "typedef"
configure:22595: $? = 1
configure: failed program was:
| /* confdefs.h.  */
| #define PACKAGE_NAME "cyassl"
| #define PACKAGE_TARNAME "cyassl"
| #define PACKAGE_VERSION "2.2.0"
| #define PACKAGE_STRING "cyassl 2.2.0"
| #define PACKAGE_BUGREPORT "http://www.yassl.com"
| #define PACKAGE "cyassl"
| #define VERSION "2.2.0"
| #define STDC_HEADERS 1
| #define HAVE_SYS_TYPES_H 1
| #define HAVE_SYS_STAT_H 1
| #define HAVE_STDLIB_H 1
| #define HAVE_STRING_H 1
| #define HAVE_MEMORY_H 1
| #define HAVE_STRINGS_H 1
| #define HAVE_INTTYPES_H 1
| #define HAVE_STDINT_H 1
| #define HAVE_UNISTD_H 1
| #define HAVE_DLFCN_H 1
| #define LT_OBJDIR ".libs/"
| #define HAVE_VISIBILITY 0
| #define HAVE_GETHOSTBYNAME 1
| #define HAVE_GETTIMEOFDAY 1
| #define HAVE_INET_NTOA 1
| #define HAVE_MEMSET 1
| #define HAVE_SOCKET 1
| #define HAVE_ARPA_INET_H 1
| #define HAVE_FCNTL_H 1
| #define HAVE_LIMITS_H 1
| #define HAVE_NETDB_H 1
| #define HAVE_NETINET_IN_H 1
| #define HAVE_STDDEF_H 1
| #define HAVE_SYS_IOCTL_H 1
| #define HAVE_SYS_SOCKET_H 1
| #define HAVE_SYS_TIME_H 1
| #define HAVE_ERRNO_H 1
| #define SIZEOF_LONG_LONG 8
| #define SIZEOF_LONG 4
| #define WORDS_BIGENDIAN 1
| #define HAVE_STDLIB_H 1
| #define HAVE_MALLOC 0
| ##define malloc rpl_malloc
| #define HAVE_SYS_TIME_H 1
| #define HAVE_UNISTD_H 1
| #define HAVE_STDLIB_H 1
| #define HAVE_REALLOC 0
| ##define realloc rpl_realloc
| #define NO_MINUS_C_MINUS_O 1
| #define size_t unsigned int
| /* end confdefs.h.  */
| #include <pthread.h>
|                         static void routine(void *a) { a = 0; }
|                         static void *start_routine(void *a) { return a; }
| int
| main ()
| {
| pthread_t th; pthread_attr_t attr;
|                         pthread_create(&th, 0, start_routine, 0);
|                         pthread_join(th, 0);
|                         pthread_attr_init(&attr);
|                         pthread_cleanup_push(routine, 0);
|                         pthread_cleanup_pop(0) /* ; */
|   ;
|   return 0;
| }
configure:22615: result: no
configure:22486: checking whether pthreads work without any flags
configure:22589: /home/mike/Downloads/project/RU/JWNR3200/apps/cyassl/cyassl-2.2.0/config/compile rsdk-linux-gcc -o conftest      conftest.c  -L/home/mike/Downloads/project/RU/JWNR3200/rtl819x/toolchain/rsdk-1.3.6-5281-EB-2.6.30-0.9.30/lib -lm -lpthread >&5
conftest.c:42: error: syntax error at '##' token
conftest.c:42: error: syntax error before "malloc"
conftest.c:47: error: syntax error at '##' token
In file included from /home/mike/Downloads/project/RU/JWNR3200/rtl819x/toolchain/rsdk-1.3.6-5281-EB-2.6.30-0.9.30/include/bits/types.h:31,
                 from /home/mike/Downloads/project/RU/JWNR3200/rtl819x/toolchain/rsdk-1.3.6-5281-EB-2.6.30-0.9.30/include/sched.h:26,
                 from /home/mike/Downloads/project/RU/JWNR3200/rtl819x/toolchain/rsdk-1.3.6-5281-EB-2.6.30-0.9.30/include/pthread.h:20,
                 from conftest.c:51:
/home/mike/Downloads/project/RU/JWNR3200/rtl819x/toolchain/rsdk-1.3.6-5281-EB-2.6.30-0.9.30/include/gcc/stddef.h:213: error: syntax error before "typedef"
configure:22595: $? = 1
configure: failed program was:
| /* confdefs.h.  */
| #define PACKAGE_NAME "cyassl"
| #define PACKAGE_TARNAME "cyassl"
| #define PACKAGE_VERSION "2.2.0"
| #define PACKAGE_STRING "cyassl 2.2.0"
| #define PACKAGE_BUGREPORT "http://www.yassl.com"
| #define PACKAGE "cyassl"
| #define VERSION "2.2.0"
| #define STDC_HEADERS 1
| #define HAVE_SYS_TYPES_H 1
| #define HAVE_SYS_STAT_H 1
| #define HAVE_STDLIB_H 1
| #define HAVE_STRING_H 1
| #define HAVE_MEMORY_H 1
| #define HAVE_STRINGS_H 1
| #define HAVE_INTTYPES_H 1
| #define HAVE_STDINT_H 1
| #define HAVE_UNISTD_H 1
| #define HAVE_DLFCN_H 1
| #define LT_OBJDIR ".libs/"
| #define HAVE_VISIBILITY 0
| #define HAVE_GETHOSTBYNAME 1
| #define HAVE_GETTIMEOFDAY 1
| #define HAVE_INET_NTOA 1
| #define HAVE_MEMSET 1
| #define HAVE_SOCKET 1
| #define HAVE_ARPA_INET_H 1
| #define HAVE_FCNTL_H 1
| #define HAVE_LIMITS_H 1
| #define HAVE_NETDB_H 1
| #define HAVE_NETINET_IN_H 1
| #define HAVE_STDDEF_H 1
| #define HAVE_SYS_IOCTL_H 1
| #define HAVE_SYS_SOCKET_H 1
| #define HAVE_SYS_TIME_H 1
| #define HAVE_ERRNO_H 1
| #define SIZEOF_LONG_LONG 8
| #define SIZEOF_LONG 4
| #define WORDS_BIGENDIAN 1
| #define HAVE_STDLIB_H 1
| #define HAVE_MALLOC 0
| ##define malloc rpl_malloc
| #define HAVE_SYS_TIME_H 1
| #define HAVE_UNISTD_H 1
| #define HAVE_STDLIB_H 1
| #define HAVE_REALLOC 0
| ##define realloc rpl_realloc
| #define NO_MINUS_C_MINUS_O 1
| #define size_t unsigned int
| /* end confdefs.h.  */
| #include <pthread.h>
|                         static void routine(void *a) { a = 0; }
|                         static void *start_routine(void *a) { return a; }
| int
| main ()
| {
| pthread_t th; pthread_attr_t attr;
|                         pthread_create(&th, 0, start_routine, 0);
|                         pthread_join(th, 0);
|                         pthread_attr_init(&attr);
|                         pthread_cleanup_push(routine, 0);
|                         pthread_cleanup_pop(0) /* ; */
|   ;
|   return 0;
| }
configure:22615: result: no
configure:22491: checking whether pthreads work with -Kthread
configure:22589: /home/mike/Downloads/project/RU/JWNR3200/apps/cyassl/cyassl-2.2.0/config/compile rsdk-linux-gcc -o conftest   -Kthread   conftest.c  -L/home/mike/Downloads/project/RU/JWNR3200/rtl819x/toolchain/rsdk-1.3.6-5281-EB-2.6.30-0.9.30/lib -lm -lpthread >&5
mips-linux-gcc: unrecognized option `-Kthread'
conftest.c:42: error: syntax error at '##' token
conftest.c:42: error: syntax error before "malloc"
conftest.c:47: error: syntax error at '##' token
In file included from /home/mike/Downloads/project/RU/JWNR3200/rtl819x/toolchain/rsdk-1.3.6-5281-EB-2.6.30-0.9.30/include/bits/types.h:31,
                 from /home/mike/Downloads/project/RU/JWNR3200/rtl819x/toolchain/rsdk-1.3.6-5281-EB-2.6.30-0.9.30/include/sched.h:26,
                 from /home/mike/Downloads/project/RU/JWNR3200/rtl819x/toolchain/rsdk-1.3.6-5281-EB-2.6.30-0.9.30/include/pthread.h:20,
                 from conftest.c:51:
/home/mike/Downloads/project/RU/JWNR3200/rtl819x/toolchain/rsdk-1.3.6-5281-EB-2.6.30-0.9.30/include/gcc/stddef.h:213: error: syntax error before "typedef"
configure:22595: $? = 1
configure: failed program was:
| /* confdefs.h.  */
| #define PACKAGE_NAME "cyassl"
| #define PACKAGE_TARNAME "cyassl"
| #define PACKAGE_VERSION "2.2.0"
| #define PACKAGE_STRING "cyassl 2.2.0"
| #define PACKAGE_BUGREPORT "http://www.yassl.com"
| #define PACKAGE "cyassl"
| #define VERSION "2.2.0"
| #define STDC_HEADERS 1
| #define HAVE_SYS_TYPES_H 1
| #define HAVE_SYS_STAT_H 1
| #define HAVE_STDLIB_H 1
| #define HAVE_STRING_H 1
| #define HAVE_MEMORY_H 1
| #define HAVE_STRINGS_H 1
| #define HAVE_INTTYPES_H 1
| #define HAVE_STDINT_H 1
| #define HAVE_UNISTD_H 1
| #define HAVE_DLFCN_H 1
| #define LT_OBJDIR ".libs/"
| #define HAVE_VISIBILITY 0
| #define HAVE_GETHOSTBYNAME 1
| #define HAVE_GETTIMEOFDAY 1
| #define HAVE_INET_NTOA 1
| #define HAVE_MEMSET 1
| #define HAVE_SOCKET 1
| #define HAVE_ARPA_INET_H 1
| #define HAVE_FCNTL_H 1
| #define HAVE_LIMITS_H 1
| #define HAVE_NETDB_H 1
| #define HAVE_NETINET_IN_H 1
| #define HAVE_STDDEF_H 1
| #define HAVE_SYS_IOCTL_H 1
| #define HAVE_SYS_SOCKET_H 1
| #define HAVE_SYS_TIME_H 1
| #define HAVE_ERRNO_H 1
| #define SIZEOF_LONG_LONG 8
| #define SIZEOF_LONG 4
| #define WORDS_BIGENDIAN 1
| #define HAVE_STDLIB_H 1
| #define HAVE_MALLOC 0
| ##define malloc rpl_malloc
| #define HAVE_SYS_TIME_H 1
| #define HAVE_UNISTD_H 1
| #define HAVE_STDLIB_H 1
| #define HAVE_REALLOC 0
| ##define realloc rpl_realloc
| #define NO_MINUS_C_MINUS_O 1
| #define size_t unsigned int
| /* end confdefs.h.  */
| #include <pthread.h>
|                         static void routine(void *a) { a = 0; }
|                         static void *start_routine(void *a) { return a; }
| int
| main ()
| {
| pthread_t th; pthread_attr_t attr;
|                         pthread_create(&th, 0, start_routine, 0);
|                         pthread_join(th, 0);
|                         pthread_attr_init(&attr);
|                         pthread_cleanup_push(routine, 0);
|                         pthread_cleanup_pop(0) /* ; */
|   ;
|   return 0;
| }
configure:22615: result: no
configure:22491: checking whether pthreads work with -kthread
configure:22589: /home/mike/Downloads/project/RU/JWNR3200/apps/cyassl/cyassl-2.2.0/config/compile rsdk-linux-gcc -o conftest   -kthread   conftest.c  -L/home/mike/Downloads/project/RU/JWNR3200/rtl819x/toolchain/rsdk-1.3.6-5281-EB-2.6.30-0.9.30/lib -lm -lpthread >&5
mips-linux-gcc: unrecognized option `-kthread'
conftest.c:42: error: syntax error at '##' token
conftest.c:42: error: syntax error before "malloc"
conftest.c:47: error: syntax error at '##' token
In file included from /home/mike/Downloads/project/RU/JWNR3200/rtl819x/toolchain/rsdk-1.3.6-5281-EB-2.6.30-0.9.30/include/bits/types.h:31,
                 from /home/mike/Downloads/project/RU/JWNR3200/rtl819x/toolchain/rsdk-1.3.6-5281-EB-2.6.30-0.9.30/include/sched.h:26,
                 from /home/mike/Downloads/project/RU/JWNR3200/rtl819x/toolchain/rsdk-1.3.6-5281-EB-2.6.30-0.9.30/include/pthread.h:20,
                 from conftest.c:51:
/home/mike/Downloads/project/RU/JWNR3200/rtl819x/toolchain/rsdk-1.3.6-5281-EB-2.6.30-0.9.30/include/gcc/stddef.h:213: error: syntax error before "typedef"
configure:22595: $? = 1
configure: failed program was:
| /* confdefs.h.  */
| #define PACKAGE_NAME "cyassl"
| #define PACKAGE_TARNAME "cyassl"
| #define PACKAGE_VERSION "2.2.0"
| #define PACKAGE_STRING "cyassl 2.2.0"
| #define PACKAGE_BUGREPORT "http://www.yassl.com"
| #define PACKAGE "cyassl"
| #define VERSION "2.2.0"
| #define STDC_HEADERS 1
| #define HAVE_SYS_TYPES_H 1
| #define HAVE_SYS_STAT_H 1
| #define HAVE_STDLIB_H 1
| #define HAVE_STRING_H 1
| #define HAVE_MEMORY_H 1
| #define HAVE_STRINGS_H 1
| #define HAVE_INTTYPES_H 1
| #define HAVE_STDINT_H 1
| #define HAVE_UNISTD_H 1
| #define HAVE_DLFCN_H 1
| #define LT_OBJDIR ".libs/"
| #define HAVE_VISIBILITY 0
| #define HAVE_GETHOSTBYNAME 1
| #define HAVE_GETTIMEOFDAY 1
| #define HAVE_INET_NTOA 1
| #define HAVE_MEMSET 1
| #define HAVE_SOCKET 1
| #define HAVE_ARPA_INET_H 1
| #define HAVE_FCNTL_H 1
| #define HAVE_LIMITS_H 1
| #define HAVE_NETDB_H 1
| #define HAVE_NETINET_IN_H 1
| #define HAVE_STDDEF_H 1
| #define HAVE_SYS_IOCTL_H 1
| #define HAVE_SYS_SOCKET_H 1
| #define HAVE_SYS_TIME_H 1
| #define HAVE_ERRNO_H 1
| #define SIZEOF_LONG_LONG 8
| #define SIZEOF_LONG 4
| #define WORDS_BIGENDIAN 1
| #define HAVE_STDLIB_H 1
| #define HAVE_MALLOC 0
| ##define malloc rpl_malloc
| #define HAVE_SYS_TIME_H 1
| #define HAVE_UNISTD_H 1
| #define HAVE_STDLIB_H 1
| #define HAVE_REALLOC 0
| ##define realloc rpl_realloc
| #define NO_MINUS_C_MINUS_O 1
| #define size_t unsigned int
| /* end confdefs.h.  */
| #include <pthread.h>
|                         static void routine(void *a) { a = 0; }
|                         static void *start_routine(void *a) { return a; }
| int
| main ()
| {
| pthread_t th; pthread_attr_t attr;
|                         pthread_create(&th, 0, start_routine, 0);
|                         pthread_join(th, 0);
|                         pthread_attr_init(&attr);
|                         pthread_cleanup_push(routine, 0);
|                         pthread_cleanup_pop(0) /* ; */
|   ;
|   return 0;
| }
configure:22615: result: no
configure:22541: checking for the pthreads library -llthread
configure:22589: /home/mike/Downloads/project/RU/JWNR3200/apps/cyassl/cyassl-2.2.0/config/compile rsdk-linux-gcc -o conftest      conftest.c -llthread -L/home/mike/Downloads/project/RU/JWNR3200/rtl819x/toolchain/rsdk-1.3.6-5281-EB-2.6.30-0.9.30/lib -lm -lpthread >&5
conftest.c:42: error: syntax error at '##' token
conftest.c:42: error: syntax error before "malloc"
conftest.c:47: error: syntax error at '##' token
In file included from /home/mike/Downloads/project/RU/JWNR3200/rtl819x/toolchain/rsdk-1.3.6-5281-EB-2.6.30-0.9.30/include/bits/types.h:31,
                 from /home/mike/Downloads/project/RU/JWNR3200/rtl819x/toolchain/rsdk-1.3.6-5281-EB-2.6.30-0.9.30/include/sched.h:26,
                 from /home/mike/Downloads/project/RU/JWNR3200/rtl819x/toolchain/rsdk-1.3.6-5281-EB-2.6.30-0.9.30/include/pthread.h:20,
                 from conftest.c:51:
/home/mike/Downloads/project/RU/JWNR3200/rtl819x/toolchain/rsdk-1.3.6-5281-EB-2.6.30-0.9.30/include/gcc/stddef.h:213: error: syntax error before "typedef"
configure:22595: $? = 1
configure: failed program was:
| /* confdefs.h.  */
| #define PACKAGE_NAME "cyassl"
| #define PACKAGE_TARNAME "cyassl"
| #define PACKAGE_VERSION "2.2.0"
| #define PACKAGE_STRING "cyassl 2.2.0"
| #define PACKAGE_BUGREPORT "http://www.yassl.com"
| #define PACKAGE "cyassl"
| #define VERSION "2.2.0"
| #define STDC_HEADERS 1
| #define HAVE_SYS_TYPES_H 1
| #define HAVE_SYS_STAT_H 1
| #define HAVE_STDLIB_H 1
| #define HAVE_STRING_H 1
| #define HAVE_MEMORY_H 1
| #define HAVE_STRINGS_H 1
| #define HAVE_INTTYPES_H 1
| #define HAVE_STDINT_H 1
| #define HAVE_UNISTD_H 1
| #define HAVE_DLFCN_H 1
| #define LT_OBJDIR ".libs/"
| #define HAVE_VISIBILITY 0
| #define HAVE_GETHOSTBYNAME 1
| #define HAVE_GETTIMEOFDAY 1
| #define HAVE_INET_NTOA 1
| #define HAVE_MEMSET 1
| #define HAVE_SOCKET 1
| #define HAVE_ARPA_INET_H 1
| #define HAVE_FCNTL_H 1
| #define HAVE_LIMITS_H 1
| #define HAVE_NETDB_H 1
| #define HAVE_NETINET_IN_H 1
| #define HAVE_STDDEF_H 1
| #define HAVE_SYS_IOCTL_H 1
| #define HAVE_SYS_SOCKET_H 1
| #define HAVE_SYS_TIME_H 1
| #define HAVE_ERRNO_H 1
| #define SIZEOF_LONG_LONG 8
| #define SIZEOF_LONG 4
| #define WORDS_BIGENDIAN 1
| #define HAVE_STDLIB_H 1
| #define HAVE_MALLOC 0
| ##define malloc rpl_malloc
| #define HAVE_SYS_TIME_H 1
| #define HAVE_UNISTD_H 1
| #define HAVE_STDLIB_H 1
| #define HAVE_REALLOC 0
| ##define realloc rpl_realloc
| #define NO_MINUS_C_MINUS_O 1
| #define size_t unsigned int
| /* end confdefs.h.  */
| #include <pthread.h>
|                         static void routine(void *a) { a = 0; }
|                         static void *start_routine(void *a) { return a; }
| int
| main ()
| {
| pthread_t th; pthread_attr_t attr;
|                         pthread_create(&th, 0, start_routine, 0);
|                         pthread_join(th, 0);
|                         pthread_attr_init(&attr);
|                         pthread_cleanup_push(routine, 0);
|                         pthread_cleanup_pop(0) /* ; */
|   ;
|   return 0;
| }
configure:22615: result: no
configure:22491: checking whether pthreads work with -pthread
configure:22589: /home/mike/Downloads/project/RU/JWNR3200/apps/cyassl/cyassl-2.2.0/config/compile rsdk-linux-gcc -o conftest   -pthread   conftest.c  -L/home/mike/Downloads/project/RU/JWNR3200/rtl819x/toolchain/rsdk-1.3.6-5281-EB-2.6.30-0.9.30/lib -lm -lpthread >&5
conftest.c:42: error: syntax error at '##' token
conftest.c:42: error: syntax error before "malloc"
conftest.c:47: error: syntax error at '##' token
In file included from /home/mike/Downloads/project/RU/JWNR3200/rtl819x/toolchain/rsdk-1.3.6-5281-EB-2.6.30-0.9.30/include/bits/types.h:31,
                 from /home/mike/Downloads/project/RU/JWNR3200/rtl819x/toolchain/rsdk-1.3.6-5281-EB-2.6.30-0.9.30/include/sched.h:26,
                 from /home/mike/Downloads/project/RU/JWNR3200/rtl819x/toolchain/rsdk-1.3.6-5281-EB-2.6.30-0.9.30/include/pthread.h:20,
                 from conftest.c:51:
/home/mike/Downloads/project/RU/JWNR3200/rtl819x/toolchain/rsdk-1.3.6-5281-EB-2.6.30-0.9.30/include/gcc/stddef.h:213: error: syntax error before "typedef"
configure:22595: $? = 1
configure: failed program was:
| /* confdefs.h.  */
| #define PACKAGE_NAME "cyassl"
| #define PACKAGE_TARNAME "cyassl"
| #define PACKAGE_VERSION "2.2.0"
| #define PACKAGE_STRING "cyassl 2.2.0"
| #define PACKAGE_BUGREPORT "http://www.yassl.com"
| #define PACKAGE "cyassl"
| #define VERSION "2.2.0"
| #define STDC_HEADERS 1
| #define HAVE_SYS_TYPES_H 1
| #define HAVE_SYS_STAT_H 1
| #define HAVE_STDLIB_H 1
| #define HAVE_STRING_H 1
| #define HAVE_MEMORY_H 1
| #define HAVE_STRINGS_H 1
| #define HAVE_INTTYPES_H 1
| #define HAVE_STDINT_H 1
| #define HAVE_UNISTD_H 1
| #define HAVE_DLFCN_H 1
| #define LT_OBJDIR ".libs/"
| #define HAVE_VISIBILITY 0
| #define HAVE_GETHOSTBYNAME 1
| #define HAVE_GETTIMEOFDAY 1
| #define HAVE_INET_NTOA 1
| #define HAVE_MEMSET 1
| #define HAVE_SOCKET 1
| #define HAVE_ARPA_INET_H 1
| #define HAVE_FCNTL_H 1
| #define HAVE_LIMITS_H 1
| #define HAVE_NETDB_H 1
| #define HAVE_NETINET_IN_H 1
| #define HAVE_STDDEF_H 1
| #define HAVE_SYS_IOCTL_H 1
| #define HAVE_SYS_SOCKET_H 1
| #define HAVE_SYS_TIME_H 1
| #define HAVE_ERRNO_H 1
| #define SIZEOF_LONG_LONG 8
| #define SIZEOF_LONG 4
| #define WORDS_BIGENDIAN 1
| #define HAVE_STDLIB_H 1
| #define HAVE_MALLOC 0
| ##define malloc rpl_malloc
| #define HAVE_SYS_TIME_H 1
| #define HAVE_UNISTD_H 1
| #define HAVE_STDLIB_H 1
| #define HAVE_REALLOC 0
| ##define realloc rpl_realloc
| #define NO_MINUS_C_MINUS_O 1
| #define size_t unsigned int
| /* end confdefs.h.  */
| #include <pthread.h>
|                         static void routine(void *a) { a = 0; }
|                         static void *start_routine(void *a) { return a; }
| int
| main ()
| {
| pthread_t th; pthread_attr_t attr;
|                         pthread_create(&th, 0, start_routine, 0);
|                         pthread_join(th, 0);
|                         pthread_attr_init(&attr);
|                         pthread_cleanup_push(routine, 0);
|                         pthread_cleanup_pop(0) /* ; */
|   ;
|   return 0;
| }
configure:22615: result: no
configure:22491: checking whether pthreads work with -pthreads
configure:22589: /home/mike/Downloads/project/RU/JWNR3200/apps/cyassl/cyassl-2.2.0/config/compile rsdk-linux-gcc -o conftest   -pthreads   conftest.c  -L/home/mike/Downloads/project/RU/JWNR3200/rtl819x/toolchain/rsdk-1.3.6-5281-EB-2.6.30-0.9.30/lib -lm -lpthread >&5
mips-linux-gcc: unrecognized option `-pthreads'
conftest.c:42: error: syntax error at '##' token
conftest.c:42: error: syntax error before "malloc"
conftest.c:47: error: syntax error at '##' token
In file included from /home/mike/Downloads/project/RU/JWNR3200/rtl819x/toolchain/rsdk-1.3.6-5281-EB-2.6.30-0.9.30/include/bits/types.h:31,
                 from /home/mike/Downloads/project/RU/JWNR3200/rtl819x/toolchain/rsdk-1.3.6-5281-EB-2.6.30-0.9.30/include/sched.h:26,
                 from /home/mike/Downloads/project/RU/JWNR3200/rtl819x/toolchain/rsdk-1.3.6-5281-EB-2.6.30-0.9.30/include/pthread.h:20,
                 from conftest.c:51:
/home/mike/Downloads/project/RU/JWNR3200/rtl819x/toolchain/rsdk-1.3.6-5281-EB-2.6.30-0.9.30/include/gcc/stddef.h:213: error: syntax error before "typedef"
configure:22595: $? = 1
configure: failed program was:
| /* confdefs.h.  */
| #define PACKAGE_NAME "cyassl"
| #define PACKAGE_TARNAME "cyassl"
| #define PACKAGE_VERSION "2.2.0"
| #define PACKAGE_STRING "cyassl 2.2.0"
| #define PACKAGE_BUGREPORT "http://www.yassl.com"
| #define PACKAGE "cyassl"
| #define VERSION "2.2.0"
| #define STDC_HEADERS 1
| #define HAVE_SYS_TYPES_H 1
| #define HAVE_SYS_STAT_H 1
| #define HAVE_STDLIB_H 1
| #define HAVE_STRING_H 1
| #define HAVE_MEMORY_H 1
| #define HAVE_STRINGS_H 1
| #define HAVE_INTTYPES_H 1
| #define HAVE_STDINT_H 1
| #define HAVE_UNISTD_H 1
| #define HAVE_DLFCN_H 1
| #define LT_OBJDIR ".libs/"
| #define HAVE_VISIBILITY 0
| #define HAVE_GETHOSTBYNAME 1
| #define HAVE_GETTIMEOFDAY 1
| #define HAVE_INET_NTOA 1
| #define HAVE_MEMSET 1
| #define HAVE_SOCKET 1
| #define HAVE_ARPA_INET_H 1
| #define HAVE_FCNTL_H 1
| #define HAVE_LIMITS_H 1
| #define HAVE_NETDB_H 1
| #define HAVE_NETINET_IN_H 1
| #define HAVE_STDDEF_H 1
| #define HAVE_SYS_IOCTL_H 1
| #define HAVE_SYS_SOCKET_H 1
| #define HAVE_SYS_TIME_H 1
| #define HAVE_ERRNO_H 1
| #define SIZEOF_LONG_LONG 8
| #define SIZEOF_LONG 4
| #define WORDS_BIGENDIAN 1
| #define HAVE_STDLIB_H 1
| #define HAVE_MALLOC 0
| ##define malloc rpl_malloc
| #define HAVE_SYS_TIME_H 1
| #define HAVE_UNISTD_H 1
| #define HAVE_STDLIB_H 1
| #define HAVE_REALLOC 0
| ##define realloc rpl_realloc
| #define NO_MINUS_C_MINUS_O 1
| #define size_t unsigned int
| /* end confdefs.h.  */
| #include <pthread.h>
|                         static void routine(void *a) { a = 0; }
|                         static void *start_routine(void *a) { return a; }
| int
| main ()
| {
| pthread_t th; pthread_attr_t attr;
|                         pthread_create(&th, 0, start_routine, 0);
|                         pthread_join(th, 0);
|                         pthread_attr_init(&attr);
|                         pthread_cleanup_push(routine, 0);
|                         pthread_cleanup_pop(0) /* ; */
|   ;
|   return 0;
| }
configure:22615: result: no
configure:22491: checking whether pthreads work with -mthreads
configure:22589: /home/mike/Downloads/project/RU/JWNR3200/apps/cyassl/cyassl-2.2.0/config/compile rsdk-linux-gcc -o conftest   -mthreads   conftest.c  -L/home/mike/Downloads/project/RU/JWNR3200/rtl819x/toolchain/rsdk-1.3.6-5281-EB-2.6.30-0.9.30/lib -lm -lpthread >&5
cc1: error: invalid option `threads'
configure:22595: $? = 1
configure: failed program was:
| /* confdefs.h.  */
| #define PACKAGE_NAME "cyassl"
| #define PACKAGE_TARNAME "cyassl"
| #define PACKAGE_VERSION "2.2.0"
| #define PACKAGE_STRING "cyassl 2.2.0"
| #define PACKAGE_BUGREPORT "http://www.yassl.com"
| #define PACKAGE "cyassl"
| #define VERSION "2.2.0"
| #define STDC_HEADERS 1
| #define HAVE_SYS_TYPES_H 1
| #define HAVE_SYS_STAT_H 1
| #define HAVE_STDLIB_H 1
| #define HAVE_STRING_H 1
| #define HAVE_MEMORY_H 1
| #define HAVE_STRINGS_H 1
| #define HAVE_INTTYPES_H 1
| #define HAVE_STDINT_H 1
| #define HAVE_UNISTD_H 1
| #define HAVE_DLFCN_H 1
| #define LT_OBJDIR ".libs/"
| #define HAVE_VISIBILITY 0
| #define HAVE_GETHOSTBYNAME 1
| #define HAVE_GETTIMEOFDAY 1
| #define HAVE_INET_NTOA 1
| #define HAVE_MEMSET 1
| #define HAVE_SOCKET 1
| #define HAVE_ARPA_INET_H 1
| #define HAVE_FCNTL_H 1
| #define HAVE_LIMITS_H 1
| #define HAVE_NETDB_H 1
| #define HAVE_NETINET_IN_H 1
| #define HAVE_STDDEF_H 1
| #define HAVE_SYS_IOCTL_H 1
| #define HAVE_SYS_SOCKET_H 1
| #define HAVE_SYS_TIME_H 1
| #define HAVE_ERRNO_H 1
| #define SIZEOF_LONG_LONG 8
| #define SIZEOF_LONG 4
| #define WORDS_BIGENDIAN 1
| #define HAVE_STDLIB_H 1
| #define HAVE_MALLOC 0
| ##define malloc rpl_malloc
| #define HAVE_SYS_TIME_H 1
| #define HAVE_UNISTD_H 1
| #define HAVE_STDLIB_H 1
| #define HAVE_REALLOC 0
| ##define realloc rpl_realloc
| #define NO_MINUS_C_MINUS_O 1
| #define size_t unsigned int
| /* end confdefs.h.  */
| #include <pthread.h>
|                         static void routine(void *a) { a = 0; }
|                         static void *start_routine(void *a) { return a; }
| int
| main ()
| {
| pthread_t th; pthread_attr_t attr;
|                         pthread_create(&th, 0, start_routine, 0);
|                         pthread_join(th, 0);
|                         pthread_attr_init(&attr);
|                         pthread_cleanup_push(routine, 0);
|                         pthread_cleanup_pop(0) /* ; */
|   ;
|   return 0;
| }
configure:22615: result: no
configure:22541: checking for the pthreads library -lpthread
configure:22589: /home/mike/Downloads/project/RU/JWNR3200/apps/cyassl/cyassl-2.2.0/config/compile rsdk-linux-gcc -o conftest      conftest.c -lpthread -L/home/mike/Downloads/project/RU/JWNR3200/rtl819x/toolchain/rsdk-1.3.6-5281-EB-2.6.30-0.9.30/lib -lm -lpthread >&5
conftest.c:42: error: syntax error at '##' token
conftest.c:42: error: syntax error before "malloc"
conftest.c:47: error: syntax error at '##' token
In file included from /home/mike/Downloads/project/RU/JWNR3200/rtl819x/toolchain/rsdk-1.3.6-5281-EB-2.6.30-0.9.30/include/bits/types.h:31,
                 from /home/mike/Downloads/project/RU/JWNR3200/rtl819x/toolchain/rsdk-1.3.6-5281-EB-2.6.30-0.9.30/include/sched.h:26,
                 from /home/mike/Downloads/project/RU/JWNR3200/rtl819x/toolchain/rsdk-1.3.6-5281-EB-2.6.30-0.9.30/include/pthread.h:20,
                 from conftest.c:51:
/home/mike/Downloads/project/RU/JWNR3200/rtl819x/toolchain/rsdk-1.3.6-5281-EB-2.6.30-0.9.30/include/gcc/stddef.h:213: error: syntax error before "typedef"
configure:22595: $? = 1
configure: failed program was:
| /* confdefs.h.  */
| #define PACKAGE_NAME "cyassl"
| #define PACKAGE_TARNAME "cyassl"
| #define PACKAGE_VERSION "2.2.0"
| #define PACKAGE_STRING "cyassl 2.2.0"
| #define PACKAGE_BUGREPORT "http://www.yassl.com"
| #define PACKAGE "cyassl"
| #define VERSION "2.2.0"
| #define STDC_HEADERS 1
| #define HAVE_SYS_TYPES_H 1
| #define HAVE_SYS_STAT_H 1
| #define HAVE_STDLIB_H 1
| #define HAVE_STRING_H 1
| #define HAVE_MEMORY_H 1
| #define HAVE_STRINGS_H 1
| #define HAVE_INTTYPES_H 1
| #define HAVE_STDINT_H 1
| #define HAVE_UNISTD_H 1
| #define HAVE_DLFCN_H 1
| #define LT_OBJDIR ".libs/"
| #define HAVE_VISIBILITY 0
| #define HAVE_GETHOSTBYNAME 1
| #define HAVE_GETTIMEOFDAY 1
| #define HAVE_INET_NTOA 1
| #define HAVE_MEMSET 1
| #define HAVE_SOCKET 1
| #define HAVE_ARPA_INET_H 1
| #define HAVE_FCNTL_H 1
| #define HAVE_LIMITS_H 1
| #define HAVE_NETDB_H 1
| #define HAVE_NETINET_IN_H 1
| #define HAVE_STDDEF_H 1
| #define HAVE_SYS_IOCTL_H 1
| #define HAVE_SYS_SOCKET_H 1
| #define HAVE_SYS_TIME_H 1
| #define HAVE_ERRNO_H 1
| #define SIZEOF_LONG_LONG 8
| #define SIZEOF_LONG 4
| #define WORDS_BIGENDIAN 1
| #define HAVE_STDLIB_H 1
| #define HAVE_MALLOC 0
| ##define malloc rpl_malloc
| #define HAVE_SYS_TIME_H 1
| #define HAVE_UNISTD_H 1
| #define HAVE_STDLIB_H 1
| #define HAVE_REALLOC 0
| ##define realloc rpl_realloc
| #define NO_MINUS_C_MINUS_O 1
| #define size_t unsigned int
| /* end confdefs.h.  */
| #include <pthread.h>
|                         static void routine(void *a) { a = 0; }
|                         static void *start_routine(void *a) { return a; }
| int
| main ()
| {
| pthread_t th; pthread_attr_t attr;
|                         pthread_create(&th, 0, start_routine, 0);
|                         pthread_join(th, 0);
|                         pthread_attr_init(&attr);
|                         pthread_cleanup_push(routine, 0);
|                         pthread_cleanup_pop(0) /* ; */
|   ;
|   return 0;
| }
configure:22615: result: no
configure:22491: checking whether pthreads work with --thread-safe
configure:22589: /home/mike/Downloads/project/RU/JWNR3200/apps/cyassl/cyassl-2.2.0/config/compile rsdk-linux-gcc -o conftest   --thread-safe   conftest.c  -L/home/mike/Downloads/project/RU/JWNR3200/rtl819x/toolchain/rsdk-1.3.6-5281-EB-2.6.30-0.9.30/lib -lm -lpthread >&5
cc1: error: unrecognized command line option "-fthread-safe"
configure:22595: $? = 1
configure: failed program was:
| /* confdefs.h.  */
| #define PACKAGE_NAME "cyassl"
| #define PACKAGE_TARNAME "cyassl"
| #define PACKAGE_VERSION "2.2.0"
| #define PACKAGE_STRING "cyassl 2.2.0"
| #define PACKAGE_BUGREPORT "http://www.yassl.com"
| #define PACKAGE "cyassl"
| #define VERSION "2.2.0"
| #define STDC_HEADERS 1
| #define HAVE_SYS_TYPES_H 1
| #define HAVE_SYS_STAT_H 1
| #define HAVE_STDLIB_H 1
| #define HAVE_STRING_H 1
| #define HAVE_MEMORY_H 1
| #define HAVE_STRINGS_H 1
| #define HAVE_INTTYPES_H 1
| #define HAVE_STDINT_H 1
| #define HAVE_UNISTD_H 1
| #define HAVE_DLFCN_H 1
| #define LT_OBJDIR ".libs/"
| #define HAVE_VISIBILITY 0
| #define HAVE_GETHOSTBYNAME 1
| #define HAVE_GETTIMEOFDAY 1
| #define HAVE_INET_NTOA 1
| #define HAVE_MEMSET 1
| #define HAVE_SOCKET 1
| #define HAVE_ARPA_INET_H 1
| #define HAVE_FCNTL_H 1
| #define HAVE_LIMITS_H 1
| #define HAVE_NETDB_H 1
| #define HAVE_NETINET_IN_H 1
| #define HAVE_STDDEF_H 1
| #define HAVE_SYS_IOCTL_H 1
| #define HAVE_SYS_SOCKET_H 1
| #define HAVE_SYS_TIME_H 1
| #define HAVE_ERRNO_H 1
| #define SIZEOF_LONG_LONG 8
| #define SIZEOF_LONG 4
| #define WORDS_BIGENDIAN 1
| #define HAVE_STDLIB_H 1
| #define HAVE_MALLOC 0
| ##define malloc rpl_malloc
| #define HAVE_SYS_TIME_H 1
| #define HAVE_UNISTD_H 1
| #define HAVE_STDLIB_H 1
| #define HAVE_REALLOC 0
| ##define realloc rpl_realloc
| #define NO_MINUS_C_MINUS_O 1
| #define size_t unsigned int
| /* end confdefs.h.  */
| #include <pthread.h>
|                         static void routine(void *a) { a = 0; }
|                         static void *start_routine(void *a) { return a; }
| int
| main ()
| {
| pthread_t th; pthread_attr_t attr;
|                         pthread_create(&th, 0, start_routine, 0);
|                         pthread_join(th, 0);
|                         pthread_attr_init(&attr);
|                         pthread_cleanup_push(routine, 0);
|                         pthread_cleanup_pop(0) /* ; */
|   ;
|   return 0;
| }
configure:22615: result: no
configure:22491: checking whether pthreads work with -mt
configure:22589: /home/mike/Downloads/project/RU/JWNR3200/apps/cyassl/cyassl-2.2.0/config/compile rsdk-linux-gcc -o conftest   -mt   conftest.c  -L/home/mike/Downloads/project/RU/JWNR3200/rtl819x/toolchain/rsdk-1.3.6-5281-EB-2.6.30-0.9.30/lib -lm -lpthread >&5
cc1: error: invalid option `t'
configure:22595: $? = 1
configure: failed program was:
| /* confdefs.h.  */
| #define PACKAGE_NAME "cyassl"
| #define PACKAGE_TARNAME "cyassl"
| #define PACKAGE_VERSION "2.2.0"
| #define PACKAGE_STRING "cyassl 2.2.0"
| #define PACKAGE_BUGREPORT "http://www.yassl.com"
| #define PACKAGE "cyassl"
| #define VERSION "2.2.0"
| #define STDC_HEADERS 1
| #define HAVE_SYS_TYPES_H 1
| #define HAVE_SYS_STAT_H 1
| #define HAVE_STDLIB_H 1
| #define HAVE_STRING_H 1
| #define HAVE_MEMORY_H 1
| #define HAVE_STRINGS_H 1
| #define HAVE_INTTYPES_H 1
| #define HAVE_STDINT_H 1
| #define HAVE_UNISTD_H 1
| #define HAVE_DLFCN_H 1
| #define LT_OBJDIR ".libs/"
| #define HAVE_VISIBILITY 0
| #define HAVE_GETHOSTBYNAME 1
| #define HAVE_GETTIMEOFDAY 1
| #define HAVE_INET_NTOA 1
| #define HAVE_MEMSET 1
| #define HAVE_SOCKET 1
| #define HAVE_ARPA_INET_H 1
| #define HAVE_FCNTL_H 1
| #define HAVE_LIMITS_H 1
| #define HAVE_NETDB_H 1
| #define HAVE_NETINET_IN_H 1
| #define HAVE_STDDEF_H 1
| #define HAVE_SYS_IOCTL_H 1
| #define HAVE_SYS_SOCKET_H 1
| #define HAVE_SYS_TIME_H 1
| #define HAVE_ERRNO_H 1
| #define SIZEOF_LONG_LONG 8
| #define SIZEOF_LONG 4
| #define WORDS_BIGENDIAN 1
| #define HAVE_STDLIB_H 1
| #define HAVE_MALLOC 0
| ##define malloc rpl_malloc
| #define HAVE_SYS_TIME_H 1
| #define HAVE_UNISTD_H 1
| #define HAVE_STDLIB_H 1
| #define HAVE_REALLOC 0
| ##define realloc rpl_realloc
| #define NO_MINUS_C_MINUS_O 1
| #define size_t unsigned int
| /* end confdefs.h.  */
| #include <pthread.h>
|                         static void routine(void *a) { a = 0; }
|                         static void *start_routine(void *a) { return a; }
| int
| main ()
| {
| pthread_t th; pthread_attr_t attr;
|                         pthread_create(&th, 0, start_routine, 0);
|                         pthread_join(th, 0);
|                         pthread_attr_init(&attr);
|                         pthread_cleanup_push(routine, 0);
|                         pthread_cleanup_pop(0) /* ; */
|   ;
|   return 0;
| }
configure:22615: result: no
configure:22499: checking for pthread-config
configure:22527: result: no
configure:22856: checking for library containing gethostbyname
configure:22897: /home/mike/Downloads/project/RU/JWNR3200/apps/cyassl/cyassl-2.2.0/config/compile rsdk-linux-gcc -o conftest     conftest.c -L/home/mike/Downloads/project/RU/JWNR3200/rtl819x/toolchain/rsdk-1.3.6-5281-EB-2.6.30-0.9.30/lib -lm -lpthread >&5
conftest.c:42: error: syntax error at '##' token
conftest.c:42: error: syntax error before "malloc"
conftest.c:47: error: syntax error at '##' token
conftest.c:59: error: syntax error before "char"
configure:22903: $? = 1
configure: failed program was:
| /* confdefs.h.  */
| #define PACKAGE_NAME "cyassl"
| #define PACKAGE_TARNAME "cyassl"
| #define PACKAGE_VERSION "2.2.0"
| #define PACKAGE_STRING "cyassl 2.2.0"
| #define PACKAGE_BUGREPORT "http://www.yassl.com"
| #define PACKAGE "cyassl"
| #define VERSION "2.2.0"
| #define STDC_HEADERS 1
| #define HAVE_SYS_TYPES_H 1
| #define HAVE_SYS_STAT_H 1
| #define HAVE_STDLIB_H 1
| #define HAVE_STRING_H 1
| #define HAVE_MEMORY_H 1
| #define HAVE_STRINGS_H 1
| #define HAVE_INTTYPES_H 1
| #define HAVE_STDINT_H 1
| #define HAVE_UNISTD_H 1
| #define HAVE_DLFCN_H 1
| #define LT_OBJDIR ".libs/"
| #define HAVE_VISIBILITY 0
| #define HAVE_GETHOSTBYNAME 1
| #define HAVE_GETTIMEOFDAY 1
| #define HAVE_INET_NTOA 1
| #define HAVE_MEMSET 1
| #define HAVE_SOCKET 1
| #define HAVE_ARPA_INET_H 1
| #define HAVE_FCNTL_H 1
| #define HAVE_LIMITS_H 1
| #define HAVE_NETDB_H 1
| #define HAVE_NETINET_IN_H 1
| #define HAVE_STDDEF_H 1
| #define HAVE_SYS_IOCTL_H 1
| #define HAVE_SYS_SOCKET_H 1
| #define HAVE_SYS_TIME_H 1
| #define HAVE_ERRNO_H 1
| #define SIZEOF_LONG_LONG 8
| #define SIZEOF_LONG 4
| #define WORDS_BIGENDIAN 1
| #define HAVE_STDLIB_H 1
| #define HAVE_MALLOC 0
| ##define malloc rpl_malloc
| #define HAVE_SYS_TIME_H 1
| #define HAVE_UNISTD_H 1
| #define HAVE_STDLIB_H 1
| #define HAVE_REALLOC 0
| ##define realloc rpl_realloc
| #define NO_MINUS_C_MINUS_O 1
| #define size_t unsigned int
| #define HAVE_PTHREAD 0
| /* end confdefs.h.  */
| 
| /* Override any GCC internal prototype to avoid an error.
|    Use char because int might match the return type of a GCC
|    builtin and then its argument prototype would still apply.  */
| #ifdef __cplusplus
| extern "C"
| #endif
| char gethostbyname ();
| int
| main ()
| {
| return gethostbyname ();
|   ;
|   return 0;
| }
configure:22897: /home/mike/Downloads/project/RU/JWNR3200/apps/cyassl/cyassl-2.2.0/config/compile rsdk-linux-gcc -o conftest     conftest.c -lnsl  -L/home/mike/Downloads/project/RU/JWNR3200/rtl819x/toolchain/rsdk-1.3.6-5281-EB-2.6.30-0.9.30/lib -lm -lpthread >&5
conftest.c:42: error: syntax error at '##' token
conftest.c:42: error: syntax error before "malloc"
conftest.c:47: error: syntax error at '##' token
conftest.c:59: error: syntax error before "char"
configure:22903: $? = 1
configure: failed program was:
| /* confdefs.h.  */
| #define PACKAGE_NAME "cyassl"
| #define PACKAGE_TARNAME "cyassl"
| #define PACKAGE_VERSION "2.2.0"
| #define PACKAGE_STRING "cyassl 2.2.0"
| #define PACKAGE_BUGREPORT "http://www.yassl.com"
| #define PACKAGE "cyassl"
| #define VERSION "2.2.0"
| #define STDC_HEADERS 1
| #define HAVE_SYS_TYPES_H 1
| #define HAVE_SYS_STAT_H 1
| #define HAVE_STDLIB_H 1
| #define HAVE_STRING_H 1
| #define HAVE_MEMORY_H 1
| #define HAVE_STRINGS_H 1
| #define HAVE_INTTYPES_H 1
| #define HAVE_STDINT_H 1
| #define HAVE_UNISTD_H 1
| #define HAVE_DLFCN_H 1
| #define LT_OBJDIR ".libs/"
| #define HAVE_VISIBILITY 0
| #define HAVE_GETHOSTBYNAME 1
| #define HAVE_GETTIMEOFDAY 1
| #define HAVE_INET_NTOA 1
| #define HAVE_MEMSET 1
| #define HAVE_SOCKET 1
| #define HAVE_ARPA_INET_H 1
| #define HAVE_FCNTL_H 1
| #define HAVE_LIMITS_H 1
| #define HAVE_NETDB_H 1
| #define HAVE_NETINET_IN_H 1
| #define HAVE_STDDEF_H 1
| #define HAVE_SYS_IOCTL_H 1
| #define HAVE_SYS_SOCKET_H 1
| #define HAVE_SYS_TIME_H 1
| #define HAVE_ERRNO_H 1
| #define SIZEOF_LONG_LONG 8
| #define SIZEOF_LONG 4
| #define WORDS_BIGENDIAN 1
| #define HAVE_STDLIB_H 1
| #define HAVE_MALLOC 0
| ##define malloc rpl_malloc
| #define HAVE_SYS_TIME_H 1
| #define HAVE_UNISTD_H 1
| #define HAVE_STDLIB_H 1
| #define HAVE_REALLOC 0
| ##define realloc rpl_realloc
| #define NO_MINUS_C_MINUS_O 1
| #define size_t unsigned int
| #define HAVE_PTHREAD 0
| /* end confdefs.h.  */
| 
| /* Override any GCC internal prototype to avoid an error.
|    Use char because int might match the return type of a GCC
|    builtin and then its argument prototype would still apply.  */
| #ifdef __cplusplus
| extern "C"
| #endif
| char gethostbyname ();
| int
| main ()
| {
| return gethostbyname ();
|   ;
|   return 0;
| }
configure:22931: result: no
configure:22939: checking for library containing socket
configure:22980: /home/mike/Downloads/project/RU/JWNR3200/apps/cyassl/cyassl-2.2.0/config/compile rsdk-linux-gcc -o conftest     conftest.c -L/home/mike/Downloads/project/RU/JWNR3200/rtl819x/toolchain/rsdk-1.3.6-5281-EB-2.6.30-0.9.30/lib -lm -lpthread >&5
conftest.c:42: error: syntax error at '##' token
conftest.c:42: error: syntax error before "malloc"
conftest.c:47: error: syntax error at '##' token
conftest.c:59: error: syntax error before "char"
configure:22986: $? = 1
configure: failed program was:
| /* confdefs.h.  */
| #define PACKAGE_NAME "cyassl"
| #define PACKAGE_TARNAME "cyassl"
| #define PACKAGE_VERSION "2.2.0"
| #define PACKAGE_STRING "cyassl 2.2.0"
| #define PACKAGE_BUGREPORT "http://www.yassl.com"
| #define PACKAGE "cyassl"
| #define VERSION "2.2.0"
| #define STDC_HEADERS 1
| #define HAVE_SYS_TYPES_H 1
| #define HAVE_SYS_STAT_H 1
| #define HAVE_STDLIB_H 1
| #define HAVE_STRING_H 1
| #define HAVE_MEMORY_H 1
| #define HAVE_STRINGS_H 1
| #define HAVE_INTTYPES_H 1
| #define HAVE_STDINT_H 1
| #define HAVE_UNISTD_H 1
| #define HAVE_DLFCN_H 1
| #define LT_OBJDIR ".libs/"
| #define HAVE_VISIBILITY 0
| #define HAVE_GETHOSTBYNAME 1
| #define HAVE_GETTIMEOFDAY 1
| #define HAVE_INET_NTOA 1
| #define HAVE_MEMSET 1
| #define HAVE_SOCKET 1
| #define HAVE_ARPA_INET_H 1
| #define HAVE_FCNTL_H 1
| #define HAVE_LIMITS_H 1
| #define HAVE_NETDB_H 1
| #define HAVE_NETINET_IN_H 1
| #define HAVE_STDDEF_H 1
| #define HAVE_SYS_IOCTL_H 1
| #define HAVE_SYS_SOCKET_H 1
| #define HAVE_SYS_TIME_H 1
| #define HAVE_ERRNO_H 1
| #define SIZEOF_LONG_LONG 8
| #define SIZEOF_LONG 4
| #define WORDS_BIGENDIAN 1
| #define HAVE_STDLIB_H 1
| #define HAVE_MALLOC 0
| ##define malloc rpl_malloc
| #define HAVE_SYS_TIME_H 1
| #define HAVE_UNISTD_H 1
| #define HAVE_STDLIB_H 1
| #define HAVE_REALLOC 0
| ##define realloc rpl_realloc
| #define NO_MINUS_C_MINUS_O 1
| #define size_t unsigned int
| #define HAVE_PTHREAD 0
| /* end confdefs.h.  */
| 
| /* Override any GCC internal prototype to avoid an error.
|    Use char because int might match the return type of a GCC
|    builtin and then its argument prototype would still apply.  */
| #ifdef __cplusplus
| extern "C"
| #endif
| char socket ();
| int
| main ()
| {
| return socket ();
|   ;
|   return 0;
| }
configure:22980: /home/mike/Downloads/project/RU/JWNR3200/apps/cyassl/cyassl-2.2.0/config/compile rsdk-linux-gcc -o conftest     conftest.c -lsocket  -L/home/mike/Downloads/project/RU/JWNR3200/rtl819x/toolchain/rsdk-1.3.6-5281-EB-2.6.30-0.9.30/lib -lm -lpthread >&5
conftest.c:42: error: syntax error at '##' token
conftest.c:42: error: syntax error before "malloc"
conftest.c:47: error: syntax error at '##' token
conftest.c:59: error: syntax error before "char"
configure:22986: $? = 1
configure: failed program was:
| /* confdefs.h.  */
| #define PACKAGE_NAME "cyassl"
| #define PACKAGE_TARNAME "cyassl"
| #define PACKAGE_VERSION "2.2.0"
| #define PACKAGE_STRING "cyassl 2.2.0"
| #define PACKAGE_BUGREPORT "http://www.yassl.com"
| #define PACKAGE "cyassl"
| #define VERSION "2.2.0"
| #define STDC_HEADERS 1
| #define HAVE_SYS_TYPES_H 1
| #define HAVE_SYS_STAT_H 1
| #define HAVE_STDLIB_H 1
| #define HAVE_STRING_H 1
| #define HAVE_MEMORY_H 1
| #define HAVE_STRINGS_H 1
| #define HAVE_INTTYPES_H 1
| #define HAVE_STDINT_H 1
| #define HAVE_UNISTD_H 1
| #define HAVE_DLFCN_H 1
| #define LT_OBJDIR ".libs/"
| #define HAVE_VISIBILITY 0
| #define HAVE_GETHOSTBYNAME 1
| #define HAVE_GETTIMEOFDAY 1
| #define HAVE_INET_NTOA 1
| #define HAVE_MEMSET 1
| #define HAVE_SOCKET 1
| #define HAVE_ARPA_INET_H 1
| #define HAVE_FCNTL_H 1
| #define HAVE_LIMITS_H 1
| #define HAVE_NETDB_H 1
| #define HAVE_NETINET_IN_H 1
| #define HAVE_STDDEF_H 1
| #define HAVE_SYS_IOCTL_H 1
| #define HAVE_SYS_SOCKET_H 1
| #define HAVE_SYS_TIME_H 1
| #define HAVE_ERRNO_H 1
| #define SIZEOF_LONG_LONG 8
| #define SIZEOF_LONG 4
| #define WORDS_BIGENDIAN 1
| #define HAVE_STDLIB_H 1
| #define HAVE_MALLOC 0
| ##define malloc rpl_malloc
| #define HAVE_SYS_TIME_H 1
| #define HAVE_UNISTD_H 1
| #define HAVE_STDLIB_H 1
| #define HAVE_REALLOC 0
| ##define realloc rpl_realloc
| #define NO_MINUS_C_MINUS_O 1
| #define size_t unsigned int
| #define HAVE_PTHREAD 0
| /* end confdefs.h.  */
| 
| /* Override any GCC internal prototype to avoid an error.
|    Use char because int might match the return type of a GCC
|    builtin and then its argument prototype would still apply.  */
| #ifdef __cplusplus
| extern "C"
| #endif
| char socket ();
| int
| main ()
| {
| return socket ();
|   ;
|   return 0;
| }
configure:23014: result: no
configure:23022: checking for socket in -lsocket
configure:23057: /home/mike/Downloads/project/RU/JWNR3200/apps/cyassl/cyassl-2.2.0/config/compile rsdk-linux-gcc -o conftest     conftest.c -lsocket -lnsl -L/home/mike/Downloads/project/RU/JWNR3200/rtl819x/toolchain/rsdk-1.3.6-5281-EB-2.6.30-0.9.30/lib -lm -lpthread >&5
conftest.c:42: error: syntax error at '##' token
conftest.c:42: error: syntax error before "malloc"
conftest.c:47: error: syntax error at '##' token
conftest.c:59: error: syntax error before "char"
configure:23063: $? = 1
configure: failed program was:
| /* confdefs.h.  */
| #define PACKAGE_NAME "cyassl"
| #define PACKAGE_TARNAME "cyassl"
| #define PACKAGE_VERSION "2.2.0"
| #define PACKAGE_STRING "cyassl 2.2.0"
| #define PACKAGE_BUGREPORT "http://www.yassl.com"
| #define PACKAGE "cyassl"
| #define VERSION "2.2.0"
| #define STDC_HEADERS 1
| #define HAVE_SYS_TYPES_H 1
| #define HAVE_SYS_STAT_H 1
| #define HAVE_STDLIB_H 1
| #define HAVE_STRING_H 1
| #define HAVE_MEMORY_H 1
| #define HAVE_STRINGS_H 1
| #define HAVE_INTTYPES_H 1
| #define HAVE_STDINT_H 1
| #define HAVE_UNISTD_H 1
| #define HAVE_DLFCN_H 1
| #define LT_OBJDIR ".libs/"
| #define HAVE_VISIBILITY 0
| #define HAVE_GETHOSTBYNAME 1
| #define HAVE_GETTIMEOFDAY 1
| #define HAVE_INET_NTOA 1
| #define HAVE_MEMSET 1
| #define HAVE_SOCKET 1
| #define HAVE_ARPA_INET_H 1
| #define HAVE_FCNTL_H 1
| #define HAVE_LIMITS_H 1
| #define HAVE_NETDB_H 1
| #define HAVE_NETINET_IN_H 1
| #define HAVE_STDDEF_H 1
| #define HAVE_SYS_IOCTL_H 1
| #define HAVE_SYS_SOCKET_H 1
| #define HAVE_SYS_TIME_H 1
| #define HAVE_ERRNO_H 1
| #define SIZEOF_LONG_LONG 8
| #define SIZEOF_LONG 4
| #define WORDS_BIGENDIAN 1
| #define HAVE_STDLIB_H 1
| #define HAVE_MALLOC 0
| ##define malloc rpl_malloc
| #define HAVE_SYS_TIME_H 1
| #define HAVE_UNISTD_H 1
| #define HAVE_STDLIB_H 1
| #define HAVE_REALLOC 0
| ##define realloc rpl_realloc
| #define NO_MINUS_C_MINUS_O 1
| #define size_t unsigned int
| #define HAVE_PTHREAD 0
| /* end confdefs.h.  */
| 
| /* Override any GCC internal prototype to avoid an error.
|    Use char because int might match the return type of a GCC
|    builtin and then its argument prototype would still apply.  */
| #ifdef __cplusplus
| extern "C"
| #endif
| char socket ();
| int
| main ()
| {
| return socket ();
|   ;
|   return 0;
| }
configure:23081: result: no
configure:23368: creating ./config.status

## ---------------------- ##
## Running config.status. ##
## ---------------------- ##

This file was extended by cyassl config.status 2.2.0, which was
generated by GNU Autoconf 2.61.  Invocation command line was

  CONFIG_FILES    = 
  CONFIG_HEADERS  = 
  CONFIG_LINKS    = 
  CONFIG_COMMANDS = 
  $ ./config.status 

on localhost.localdomain

config.status:964: creating stamp-h
config.status:964: creating Makefile
config.status:964: creating cyassl/version.h
config.status:964: creating support/libcyassl.pc
config.status:964: creating config.h
config.status:1220: config.h is unchanged
config.status:1266: executing depfiles commands
config.status:1266: executing libtool commands

## ---------------- ##
## Cache variables. ##
## ---------------- ##

ac_cv_build=i686-pc-linux-gnu
ac_cv_c_bigendian=yes
ac_cv_c_compiler_gnu=yes
ac_cv_c_uint8_t=no
ac_cv_cxx_compiler_gnu=yes
ac_cv_env_CCASFLAGS_set=
ac_cv_env_CCASFLAGS_value=
ac_cv_env_CCAS_set=
ac_cv_env_CCAS_value=
ac_cv_env_CCC_set=
ac_cv_env_CCC_value=
ac_cv_env_CC_set=set
ac_cv_env_CC_value=rsdk-linux-gcc
ac_cv_env_CFLAGS_set=
ac_cv_env_CFLAGS_value=
ac_cv_env_CPPFLAGS_set=
ac_cv_env_CPPFLAGS_value=
ac_cv_env_CPP_set=
ac_cv_env_CPP_value=
ac_cv_env_CXXCPP_set=
ac_cv_env_CXXCPP_value=
ac_cv_env_CXXFLAGS_set=
ac_cv_env_CXXFLAGS_value=
ac_cv_env_CXX_set=set
ac_cv_env_CXX_value=rsdk-linux-g++
ac_cv_env_LDFLAGS_set=
ac_cv_env_LDFLAGS_value=
ac_cv_env_LIBS_set=set
ac_cv_env_LIBS_value='-L/home/mike/Downloads/project/RU/JWNR3200/rtl819x/toolchain/rsdk-1.3.6-5281-EB-2.6.30-0.9.30/lib -lm -lpthread'
ac_cv_env_build_alias_set=
ac_cv_env_build_alias_value=
ac_cv_env_host_alias_set=set
ac_cv_env_host_alias_value=mips-linux
ac_cv_env_target_alias_set=
ac_cv_env_target_alias_value=
ac_cv_func_alarm=no
ac_cv_func_gethostbyname=yes
ac_cv_func_gettimeofday=yes
ac_cv_func_inet_ntoa=yes
ac_cv_func_malloc_0_nonnull=no
ac_cv_func_memset=yes
ac_cv_func_realloc_0_nonnull=no
ac_cv_func_socket=yes
ac_cv_func_working_mktime=no
ac_cv_header_arpa_inet_h=yes
ac_cv_header_dlfcn_h=yes
ac_cv_header_errno_h=yes
ac_cv_header_fcntl_h=yes
ac_cv_header_inttypes_h=yes
ac_cv_header_limits_h=yes
ac_cv_header_memory_h=yes
ac_cv_header_netdb_h=yes
ac_cv_header_netinet_in_h=yes
ac_cv_header_stdc=yes
ac_cv_header_stddef_h=yes
ac_cv_header_stdint_h=yes
ac_cv_header_stdlib_h=yes
ac_cv_header_string_h=yes
ac_cv_header_strings_h=yes
ac_cv_header_sys_ioctl_h=yes
ac_cv_header_sys_socket_h=yes
ac_cv_header_sys_stat_h=yes
ac_cv_header_sys_time_h=yes
ac_cv_header_sys_types_h=yes
ac_cv_header_time=no
ac_cv_header_unistd_h=yes
ac_cv_host=mips-unknown-linux-gnu
ac_cv_lib_m_cos=no
ac_cv_lib_network_socket=no
ac_cv_lib_socket_socket=no
ac_cv_objext=o
ac_cv_path_EGREP='/bin/grep -E'
ac_cv_path_FGREP='/bin/grep -F'
ac_cv_path_GREP=/bin/grep
ac_cv_path_SED=/bin/sed
ac_cv_path_install='/usr/bin/install -c'
ac_cv_path_mkdir=/bin/mkdir
ac_cv_prog_AR=rsdk-linux-ar
ac_cv_prog_AWK=gawk
ac_cv_prog_CC=rsdk-linux-gcc
ac_cv_prog_CPP='rsdk-linux-gcc -E'
ac_cv_prog_CXXCPP='rsdk-linux-g++ -E'
ac_cv_prog_OBJDUMP=mips-linux-objdump
ac_cv_prog_RANLIB=rsdk-linux-ranlib
ac_cv_prog_STRIP=rsdk-linux-strip
ac_cv_prog_ax_pthread_config=no
ac_cv_prog_cc_c89=
ac_cv_prog_cc_g=yes
ac_cv_prog_cc_rsdk_linux_gcc_c_o=no
ac_cv_prog_cxx_g=yes
ac_cv_prog_make_make_set=yes
ac_cv_search_gethostbyname=no
ac_cv_search_socket=no
ac_cv_sizeof_long=4
ac_cv_sizeof_long_long=8
ac_cv_target=mips-unknown-linux-gnu
ac_cv_type_long=yes
ac_cv_type_long_long=yes
ac_cv_type_size_t=no
am_cv_CCAS_dependencies_compiler_type=gcc3
am_cv_CC_dependencies_compiler_type=gcc3
am_cv_CXX_dependencies_compiler_type=gcc3
am_cv_prog_tar_ustar=gnutar
gl_cv_cc_vis_werror=yes
gl_cv_cc_visibility=no
lt_cv_archive_cmds_need_lc=no
lt_cv_deplibs_check_method=pass_all
lt_cv_file_magic_cmd='$MAGIC_CMD'
lt_cv_file_magic_test_file=
lt_cv_ld_reload_flag=-r
lt_cv_nm_interface='BSD nm'
lt_cv_objdir=.libs
lt_cv_path_LD=rsdk-linux-ld
lt_cv_path_LDCXX=rsdk-linux-ld
lt_cv_path_NM='/home/mike/Downloads/project/RU/JWNR3200/rtl819x/toolchain/rsdk-1.3.6-5281-EB-2.6.30-0.9.30/bin//mips-linux-nm -B'
lt_cv_prog_compiler_c_o=yes
lt_cv_prog_compiler_c_o_CXX=yes
lt_cv_prog_compiler_pic_works=yes
lt_cv_prog_compiler_pic_works_CXX=yes
lt_cv_prog_compiler_rtti_exceptions=no
lt_cv_prog_compiler_static_works=yes
lt_cv_prog_compiler_static_works_CXX=yes
lt_cv_prog_gnu_ld=yes
lt_cv_prog_gnu_ldcxx=yes
lt_cv_shlibpath_overrides_runpath=no
lt_cv_sys_global_symbol_pipe='sed -n -e '\''s/^.*[	 ]\([ABCDGIRSTW][ABCDGIRSTW]*\)[	 ][	 ]*\([_A-Za-z][_A-Za-z0-9]*\)$/\1 \2 \2/p'\'''
lt_cv_sys_global_symbol_to_c_name_address='sed -n -e '\''s/^: \([^ ]*\) $/  {\"\1\", (void *) 0},/p'\'' -e '\''s/^[ABCDGIRSTW]* \([^ ]*\) \([^ ]*\)$/  {"\2", (void *) \&\2},/p'\'''
lt_cv_sys_global_symbol_to_c_name_address_lib_prefix='sed -n -e '\''s/^: \([^ ]*\) $/  {\"\1\", (void *) 0},/p'\'' -e '\''s/^[ABCDGIRSTW]* \([^ ]*\) \(lib[^ ]*\)$/  {"\2", (void *) \&\2},/p'\'' -e '\''s/^[ABCDGIRSTW]* \([^ ]*\) \([^ ]*\)$/  {"lib\2", (void *) \&\2},/p'\'''
lt_cv_sys_global_symbol_to_cdecl='sed -n -e '\''s/^T .* \(.*\)$/extern int \1();/p'\'' -e '\''s/^[ABCDGIRSTW]* .* \(.*\)$/extern char \1;/p'\'''
lt_cv_sys_max_cmd_len=1966080

## ----------------- ##
## Output variables. ##
## ----------------- ##

ACLOCAL='${SHELL} /home/mike/Downloads/project/RU/JWNR3200/apps/cyassl/cyassl-2.2.0/config/missing --run aclocal-1.10'
AMDEPBACKSLASH='\'
AMDEP_FALSE='#'
AMDEP_TRUE=''
AMTAR='${SHELL} /home/mike/Downloads/project/RU/JWNR3200/apps/cyassl/cyassl-2.2.0/config/missing --run tar'
AM_CFLAGS='-DOPENSSL_EXTRA  -DNDEBUG -DNO_HC128 -DNO_PSK -Wall -Wno-unused -Os -fomit-frame-pointer '
AM_LDFLAGS=''
AR='rsdk-linux-ar'
AS='rsdk-linux-as'
AUTOCONF='${SHELL} /home/mike/Downloads/project/RU/JWNR3200/apps/cyassl/cyassl-2.2.0/config/missing --run autoconf'
AUTOHEADER='${SHELL} /home/mike/Downloads/project/RU/JWNR3200/apps/cyassl/cyassl-2.2.0/config/missing --run autoheader'
AUTOMAKE='${SHELL} /home/mike/Downloads/project/RU/JWNR3200/apps/cyassl/cyassl-2.2.0/config/missing --run automake-1.10'
AWK='gawk'
BUILD_AESNI_FALSE=''
BUILD_AESNI_TRUE='#'
BUILD_CRL_FALSE=''
BUILD_CRL_TRUE='#'
BUILD_ECC_FALSE=''
BUILD_ECC_TRUE='#'
BUILD_FASTMATH_FALSE=''
BUILD_FASTMATH_TRUE='#'
BUILD_HC128_FALSE=''
BUILD_HC128_TRUE='#'
BUILD_NOINLINE_FALSE=''
BUILD_NOINLINE_TRUE='#'
BUILD_NTRU_FALSE=''
BUILD_NTRU_TRUE='#'
BUILD_OCSP_FALSE=''
BUILD_OCSP_TRUE='#'
BUILD_RIPEMD_FALSE=''
BUILD_RIPEMD_TRUE='#'
BUILD_SHA512_FALSE=''
BUILD_SHA512_TRUE='#'
BUILD_SNIFFER_FALSE=''
BUILD_SNIFFER_TRUE='#'
CC='/home/mike/Downloads/project/RU/JWNR3200/apps/cyassl/cyassl-2.2.0/config/compile rsdk-linux-gcc'
CCAS='rsdk-linux-gcc'
CCASDEPMODE='depmode=gcc3'
CCASFLAGS=' '
CCDEPMODE='depmode=gcc3'
CFLAGS=' '
CFLAG_VISIBILITY=''
CPP='rsdk-linux-gcc -E'
CPPFLAGS=''
CXX='rsdk-linux-g++'
CXXCPP='rsdk-linux-g++ -E'
CXXDEPMODE='depmode=gcc3'
CXXFLAGS='-g -O2'
CYASSL_LIBRARY_VERSION='3:1:0'
CYGPATH_W='echo'
DEFS='-DHAVE_CONFIG_H'
DEPDIR='.deps'
DLLTOOL='dlltool'
DSYMUTIL=''
DUMPBIN=''
ECHO_C=''
ECHO_N='-n'
ECHO_T=''
EGREP='/bin/grep -E'
EXEEXT=''
FGREP='/bin/grep -F'
GREP='/bin/grep'
HAVE_VISIBILITY='0'
HEX_VERSION='0x02002000'
INSTALL_DATA='${INSTALL} -m 644'
INSTALL_PROGRAM='${INSTALL}'
INSTALL_SCRIPT='${INSTALL}'
INSTALL_STRIP_PROGRAM='$(install_sh) -c -s'
LD='rsdk-linux-ld'
LDFLAGS=''
LIBM=''
LIBOBJS=' ${LIBOBJDIR}malloc$U.o ${LIBOBJDIR}mktime$U.o ${LIBOBJDIR}realloc$U.o'
LIBS='-L/home/mike/Downloads/project/RU/JWNR3200/rtl819x/toolchain/rsdk-1.3.6-5281-EB-2.6.30-0.9.30/lib -lm -lpthread'
LIBTOOL='$(SHELL) $(top_builddir)/libtool'
LIPO=''
LN_S='ln -s'
LTLIBOBJS=' ${LIBOBJDIR}malloc$U.lo ${LIBOBJDIR}mktime$U.lo ${LIBOBJDIR}realloc$U.lo'
MAKEINFO='${SHELL} /home/mike/Downloads/project/RU/JWNR3200/apps/cyassl/cyassl-2.2.0/config/missing --run makeinfo'
NM='/home/mike/Downloads/project/RU/JWNR3200/rtl819x/toolchain/rsdk-1.3.6-5281-EB-2.6.30-0.9.30/bin//mips-linux-nm -B'
NMEDIT=''
OBJDUMP='mips-linux-objdump'
OBJEXT='o'
OTOOL64=''
OTOOL=''
PACKAGE='cyassl'
PACKAGE_BUGREPORT='http://www.yassl.com'
PACKAGE_NAME='cyassl'
PACKAGE_STRING='cyassl 2.2.0'
PACKAGE_TARNAME='cyassl'
PACKAGE_VERSION='2.2.0'
PATH_SEPARATOR=':'
PTHREAD_CC='/home/mike/Downloads/project/RU/JWNR3200/apps/cyassl/cyassl-2.2.0/config/compile rsdk-linux-gcc'
PTHREAD_CFLAGS=''
PTHREAD_LIBS=''
RANLIB='rsdk-linux-ranlib'
SED='/bin/sed'
SET_MAKE=''
SHELL='/bin/sh'
STRIP='rsdk-linux-strip'
VERSION='2.2.0'
ac_ct_CC=''
ac_ct_CXX=''
ac_ct_DUMPBIN=''
am__fastdepCCAS_FALSE='#'
am__fastdepCCAS_TRUE=''
am__fastdepCC_FALSE='#'
am__fastdepCC_TRUE=''
am__fastdepCXX_FALSE='#'
am__fastdepCXX_TRUE=''
am__include='include'
am__isrc=''
am__leading_dot='.'
am__quote=''
am__tar='tar --format=ustar -chf - "$$tardir"'
am__untar='tar -xf -'
ax_pthread_config='no'
bindir='${exec_prefix}/bin'
build='i686-pc-linux-gnu'
build_alias=''
build_cpu='i686'
build_os='linux-gnu'
build_vendor='pc'
datadir='${datarootdir}'
datarootdir='${prefix}/share'
docdir='${datarootdir}/doc/${PACKAGE_TARNAME}'
dvidir='${docdir}'
exec_prefix='${prefix}'
host='mips-unknown-linux-gnu'
host_alias='mips-linux'
host_cpu='mips'
host_os='linux-gnu'
host_vendor='unknown'
htmldir='${docdir}'
includedir='${prefix}/include'
infodir='${datarootdir}/info'
install_sh='$(SHELL) /home/mike/Downloads/project/RU/JWNR3200/apps/cyassl/cyassl-2.2.0/config/install-sh'
libdir='${exec_prefix}/lib'
libexecdir='${exec_prefix}/libexec'
localedir='${datarootdir}/locale'
localstatedir='${prefix}/var'
mandir='${datarootdir}/man'
mkdir_p='/bin/mkdir -p'
oldincludedir='/usr/include'
pdfdir='${docdir}'
prefix='/usr/local'
program_transform_name='s,x,x,'
psdir='${docdir}'
sbindir='${exec_prefix}/sbin'
sharedstatedir='${prefix}/com'
sysconfdir='${prefix}/etc'
target='mips-unknown-linux-gnu'
target_alias=''
target_cpu='mips'
target_os='linux-gnu'
target_vendor='unknown'

## ----------- ##
## confdefs.h. ##
## ----------- ##

#define PACKAGE_NAME "cyassl"
#define PACKAGE_TARNAME "cyassl"
#define PACKAGE_VERSION "2.2.0"
#define PACKAGE_STRING "cyassl 2.2.0"
#define PACKAGE_BUGREPORT "http://www.yassl.com"
#define PACKAGE "cyassl"
#define VERSION "2.2.0"
#define STDC_HEADERS 1
#define HAVE_SYS_TYPES_H 1
#define HAVE_SYS_STAT_H 1
#define HAVE_STDLIB_H 1
#define HAVE_STRING_H 1
#define HAVE_MEMORY_H 1
#define HAVE_STRINGS_H 1
#define HAVE_INTTYPES_H 1
#define HAVE_STDINT_H 1
#define HAVE_UNISTD_H 1
#define HAVE_DLFCN_H 1
#define LT_OBJDIR ".libs/"
#define HAVE_VISIBILITY 0
#define HAVE_GETHOSTBYNAME 1
#define HAVE_GETTIMEOFDAY 1
#define HAVE_INET_NTOA 1
#define HAVE_MEMSET 1
#define HAVE_SOCKET 1
#define HAVE_ARPA_INET_H 1
#define HAVE_FCNTL_H 1
#define HAVE_LIMITS_H 1
#define HAVE_NETDB_H 1
#define HAVE_NETINET_IN_H 1
#define HAVE_STDDEF_H 1
#define HAVE_SYS_IOCTL_H 1
#define HAVE_SYS_SOCKET_H 1
#define HAVE_SYS_TIME_H 1
#define HAVE_ERRNO_H 1
#define SIZEOF_LONG_LONG 8
#define SIZEOF_LONG 4
#define WORDS_BIGENDIAN 1
#define HAVE_STDLIB_H 1
#define HAVE_MALLOC 0
##define malloc rpl_malloc
#define HAVE_SYS_TIME_H 1
#define HAVE_UNISTD_H 1
#define HAVE_STDLIB_H 1
#define HAVE_REALLOC 0
##define realloc rpl_realloc
#define NO_MINUS_C_MINUS_O 1
#define size_t unsigned int
#define HAVE_PTHREAD 0

configure: exit 0

## ---------------------- ##
## Running config.status. ##
## ---------------------- ##

This file was extended by cyassl config.status 2.2.0, which was
generated by GNU Autoconf 2.61.  Invocation command line was

  CONFIG_FILES    = 
  CONFIG_HEADERS  = 
  CONFIG_LINKS    = 
  CONFIG_COMMANDS = 
  $ ./config.status config.h

on ubuntu

config.status:964: creating config.h
config.status:1220: config.h is unchanged

## ---------------------- ##
## Running config.status. ##
## ---------------------- ##

This file was extended by cyassl config.status 2.2.0, which was
generated by GNU Autoconf 2.61.  Invocation command line was

  CONFIG_FILES    = 
  CONFIG_HEADERS  = 
  CONFIG_LINKS    = 
  CONFIG_COMMANDS = 
  $ ./config.status cyassl/version.h

on ubuntu

config.status:964: creating cyassl/version.h

## ---------------------- ##
## Running config.status. ##
## ---------------------- ##

This file was extended by cyassl config.status 2.2.0, which was
generated by GNU Autoconf 2.61.  Invocation command line was

  CONFIG_FILES    = 
  CONFIG_HEADERS  = 
  CONFIG_LINKS    = 
  CONFIG_COMMANDS = 
  $ ./config.status config.h

on ubuntu

config.status:964: creating config.h
config.status:1220: config.h is unchanged

## ---------------------- ##
## Running config.status. ##
## ---------------------- ##

This file was extended by cyassl config.status 2.2.0, which was
generated by GNU Autoconf 2.61.  Invocation command line was

  CONFIG_FILES    = 
  CONFIG_HEADERS  = 
  CONFIG_LINKS    = 
  CONFIG_COMMANDS = 
  $ ./config.status cyassl/version.h

on ubuntu

config.status:964: creating cyassl/version.h

## ---------------------- ##
## Running config.status. ##
## ---------------------- ##

This file was extended by cyassl config.status 2.2.0, which was
generated by GNU Autoconf 2.61.  Invocation command line was

  CONFIG_FILES    = 
  CONFIG_HEADERS  = 
  CONFIG_LINKS    = 
  CONFIG_COMMANDS = 
  $ ./config.status cyassl/version.h

on localhost.localdomain

config.status:964: creating cyassl/version.h

## ---------------------- ##
## Running config.status. ##
## ---------------------- ##

This file was extended by cyassl config.status 2.2.0, which was
generated by GNU Autoconf 2.61.  Invocation command line was

  CONFIG_FILES    = 
  CONFIG_HEADERS  = 
  CONFIG_LINKS    = 
  CONFIG_COMMANDS = 
  $ ./config.status cyassl/version.h

on localhost.localdomain

config.status:964: creating cyassl/version.h

## ---------------------- ##
## Running config.status. ##
## ---------------------- ##

This file was extended by cyassl config.status 2.2.0, which was
generated by GNU Autoconf 2.61.  Invocation command line was

  CONFIG_FILES    = 
  CONFIG_HEADERS  = 
  CONFIG_LINKS    = 
  CONFIG_COMMANDS = 
  $ ./config.status cyassl/version.h

on localhost.localdomain

config.status:964: creating cyassl/version.h
